<?xml version="1.0" encoding="UTF-8"?>
<testsuite name="com.features.search.SearchByKeywordStory" time="24.642" tests="3" errors="0" skipped="1" failures="0">
  <properties>
[...]
</properties>
  <testcase name="searching_by_keyword_banana_should_display_the_corresponding_article" classname="com.features.search.SearchByKeywordStory" time="13.608"/>
  <testcase name="searching_by_ambiguious_keyword_should_display_the_disambiguation_page" classname="com.features.search.SearchByKeywordStory" time="0">
    <skipped/>
    <system-err><![CDATA[[main] INFO net.serenitybdd.core.Serenity - 
        __    _____ _____ ____ _____   ____   _    ____  ____  _____ ____  
  _     \ \  |_   _| ____/ ___|_   _| |  _ \ / \  / ___|/ ___|| ____|  _ \ 
 (_)_____| |   | | |  _| \___ \ | |   | |_) / _ \ \___ \\___ \|  _| | | | |
  _|_____| |   | | | |___ ___) || |   |  __/ ___ \ ___) |___) | |___| |_| |
 (_)     | |   |_| |_____|____/ |_|   |_| /_/   \_\____/|____/|_____|____/ 
        /_/                                                                

TEST PASSED: Searching by keyword banana should display the corresponding article
----------------------------------------------------------------------------
[main] INFO net.serenitybdd.core.Serenity - 
 _____ _____ ____ _____   ____ _____  _    ____ _____ _____ ____  
|_   _| ____/ ___|_   _| / ___|_   _|/ \  |  _ \_   _| ____|  _ \ 
  | | |  _| \___ \ | |   \___ \ | | / _ \ | |_) || | |  _| | | | |
  | | | |___ ___) || |    ___) || |/ ___ \|  _ < | | | |___| |_| |
  |_| |_____|____/ |_|   |____/ |_/_/   \_\_| \_\|_| |_____|____/ 
                                                                  

TEST STARTED: searching_by_ambiguious_keyword_should_display_the_disambiguation_page
-------------------------------------------------------------------
[main] INFO net.serenitybdd.core.Serenity - TEST NUMBER: 2
[main] INFO net.serenitybdd.core.Serenity - TEST PENDING
[main] INFO net.serenitybdd.core.Serenity - 
          __  _____ _____ ____ _____   ____  _____ _   _ ____ ___ _   _  ____ 
 _       / / |_   _| ____/ ___|_   _| |  _ \| ____| \ | |  _ \_ _| \ | |/ ___|
(_)____ / /    | | |  _| \___ \ | |   | |_) |  _| |  \| | | | | ||  \| | |  _ 
 |_____/ /     | | | |___ ___) || |   |  __/| |___| |\  | |_| | || |\  | |_| |
(_)   /_/      |_| |_____|____/ |_|   |_|   |_____|_| \_|____/___|_| \_|\____|
                                                                                

TEST PENDING: Searching by ambiguious keyword should display the disambiguation page
---------------------------------------------------------------------------------
]]></system-err>
  </testcase>
  <testcase name="searching_by_keyword_apple_should_display_the_corresponding_article" classname="com.features.search.SearchByKeywordStory" time="11.034"/>
</testsuite>