<?xml version="1.0" encoding="UTF-8"?><testsuite errors="1" failures="0" name="com.tests.SearchResultTests" skipped="0" tests="1" time="19.58" timestamp="2017-04-100 01:19:11"><testcase classname="com.tests.SearchResultTests" name="Check error message is displayed for no results search"><error message="Timed out after 2 seconds. Element not found&#10;For documentation on this error, please visit: http://seleniumhq.org/exceptions/no_such_element.html&#10;Build info: version: '2.53.1', revision: 'a36b8b1cd5757287168e54b817830adce9b0158d', time: '2016-06-30 19:26:09'&#10;System info: host: 'IXDELL6NHXRC2', ip: '10.10.70.201', os.name: 'Windows 10', os.arch: 'amd64', os.version: '10.0', java.version: '1.8.0_111'&#10;Driver info: driver.version: unknown" type="org.openqa.selenium.NoSuchElementException">Timed out after 2 seconds. Element not found
For documentation on this error, please visit: http://seleniumhq.org/exceptions/no_such_element.html
Build info: version: '2.53.1', revision: 'a36b8b1cd5757287168e54b817830adce9b0158d', time: '2016-06-30 19:26:09'
System info: host: 'IXDELL6NHXRC2', ip: '10.10.70.201', os.name: 'Windows 10', os.arch: 'amd64', os.version: '10.0', java.version: '1.8.0_111'
Driver info: driver.version: unknown</error><system-err>Timed out after 2 seconds. Element not found
For documentation on this error, please visit: http://seleniumhq.org/exceptions/no_such_element.html
Build info: version: '2.53.1', revision: 'a36b8b1cd5757287168e54b817830adce9b0158d', time: '2016-06-30 19:26:09'
System info: host: 'IXDELL6NHXRC2', ip: '10.10.70.201', os.name: 'Windows 10', os.arch: 'amd64', os.version: '10.0', java.version: '1.8.0_111'
Driver info: driver.version: unknown&#13;
com.pages.SearchResultPage.checkErrorMessageForIncorrectSearch(SearchResultPage.java:39)&#13;
com.steps.SearchResultSteps.checkErrorMessageIsDisplayedForNoResultsSearch(SearchResultSteps.java:27)&#13;
com.tests.SearchResultTests.checkErrorMessageIsDisplayedForNoResultsSearch(SearchResultTests.java:46)&#13;
</system-err></testcase></testsuite>