<?xml version="1.0" encoding="UTF-8"?><testsuite errors="1" failures="0" name="com.tests.SignUpTests" skipped="0" tests="1" time="18.56" timestamp="2017-04-100 04:08:04"><testcase classname="com.tests.SignUpTests" name="Register new account successfully"><error message="Cannot locate element with text: 4&#10;For documentation on this error, please visit: http://seleniumhq.org/exceptions/no_such_element.html&#10;Build info: version: '2.53.1', revision: 'a36b8b1cd5757287168e54b817830adce9b0158d', time: '2016-06-30 19:26:09'&#10;System info: host: 'IXDELL6NHXRC2', ip: '10.10.70.201', os.name: 'Windows 10', os.arch: 'amd64', os.version: '10.0', java.version: '1.8.0_111'&#10;Driver info: driver.version: unknown" type="org.openqa.selenium.NoSuchElementException">Cannot locate element with text: 4
For documentation on this error, please visit: http://seleniumhq.org/exceptions/no_such_element.html
Build info: version: '2.53.1', revision: 'a36b8b1cd5757287168e54b817830adce9b0158d', time: '2016-06-30 19:26:09'
System info: host: 'IXDELL6NHXRC2', ip: '10.10.70.201', os.name: 'Windows 10', os.arch: 'amd64', os.version: '10.0', java.version: '1.8.0_111'
Driver info: driver.version: unknown</error><system-err>Cannot locate element with text: 4
For documentation on this error, please visit: http://seleniumhq.org/exceptions/no_such_element.html
Build info: version: '2.53.1', revision: 'a36b8b1cd5757287168e54b817830adce9b0158d', time: '2016-06-30 19:26:09'
System info: host: 'IXDELL6NHXRC2', ip: '10.10.70.201', os.name: 'Windows 10', os.arch: 'amd64', os.version: '10.0', java.version: '1.8.0_111'
Driver info: driver.version: unknown&#13;
com.pages.SignUpPage.selectOptionFromDropDownList(SignUpPage.java:152)&#13;
com.pages.SignUpPage.selectDaysOfBirth(SignUpPage.java:157)&#13;
com.pages.SignUpPage.fillInAndRegisterUserAccountCredentials(SignUpPage.java:209)&#13;
com.steps.SignUpSteps.registerNewAccountSuccessfully(SignUpSteps.java:21)&#13;
com.tests.SignUpTests.registerNewAccountSuccessfully(SignUpTests.java:52)&#13;
</system-err></testcase></testsuite>