<?xml version="1.0" encoding="UTF-8"?><testsuite errors="0" failures="1" name="com.Tests.SearchResultTests" skipped="0" tests="1" time="14.09" timestamp="2017-03-75 03:45:55"><testcase classname="com.Tests.SearchResultTests" name="Compare search listed items to number of search results"><failure message="Nr of listed search results is not equal to the Search result counter" type="java.lang.AssertionError">Nr of listed search results is not equal to the Search result counter</failure><system-err>Nr of listed search results is not equal to the Search result counter&#13;
com.pages.SearchResultPage.compareResultsListedAgainstSearchResultsCounter(SearchResultPage.java:32)&#13;
com.Steps.SearchResultSteps.compareSearchListedItemsToNumberOfSearchResults(SearchResultSteps.java:25)&#13;
com.Tests.SearchResultTests.compareSearchListedItemsToNumberOfSearchResults(SearchResultTests.java:34)&#13;
</system-err></testcase></testsuite>