<?xml version="1.0" encoding="UTF-8"?><testsuite errors="0" failures="0" name="com.tests.SearchResultTests" skipped="0" tests="3" time="49.32" timestamp="2017-03-90 02:34:17"><testcase classname="com.tests.SearchResultTests" name="Check error message is displayed for no results search"/><testcase classname="com.tests.SearchResultTests" name="Compare search listed items to number of search results"/><testcase classname="com.tests.SearchResultTests" name="Check if search result retains the search term"/></testsuite>