<?xml version="1.0" encoding="UTF-8"?><testsuite errors="0" failures="2" name="com.tests.CatalogTests" skipped="0" tests="13" time="225.65" timestamp="2017-03-90 02:26:48"><testcase classname="com.tests.CatalogTests" name="Check if women products are in stock"/><testcase classname="com.tests.CatalogTests" name="Check dresses pages title and banner and listed items"/><testcase classname="com.tests.CatalogTests" name="Check women product list is correctly sorted by price low to high"/><testcase classname="com.tests.CatalogTests" name="Check blouses subsections title banner and liste itmes"/><testcase classname="com.tests.CatalogTests" name="Check women product list is correctly sorted by price high to low"><failure message="not sorted correctly" type="java.lang.AssertionError">not sorted correctly</failure><system-err>not sorted correctly&#13;
com.pages.CatalogPage.checkIfProductsAreSoretedByPriceHighToLow(CatalogPage.java:172)&#13;
com.steps.CatalogSteps.checkWomenProductListIsCorrectlySortedByPriceHighToLow(CatalogSteps.java:53)&#13;
com.tests.CatalogTests.checkWomenProductListIsCorrectlySortedByPriceHighToLow(CatalogTests.java:72)&#13;
</system-err></testcase><testcase classname="com.tests.CatalogTests" name="Check casual dresses sub section from dresses title banner and listed items"/><testcase classname="com.tests.CatalogTests" name="Click catalog checkbox from women section and verify filtering"/><testcase classname="com.tests.CatalogTests" name="Check if women products are sorted alphabetically ato z"/><testcase classname="com.tests.CatalogTests" name="Check if women products are sorted alphabetically zto a"><failure message="Your list is not ordered Z to A" type="java.lang.AssertionError">Your list is not ordered Z to A</failure><system-err>Your list is not ordered Z to A&#13;
com.pages.CatalogPage.checkIfProductsAreSortedAlphabeticallyZtoA(CatalogPage.java:210)&#13;
com.steps.CatalogSteps.checkIfWomenProductsAreSortedAlphabeticallyZtoA(CatalogSteps.java:68)&#13;
com.tests.CatalogTests.checkIfWomenProductsAreSortedAlphabeticallyZtoA(CatalogTests.java:89)&#13;
</system-err></testcase><testcase classname="com.tests.CatalogTests" name="Check t shirt title and banner and listed items"/><testcase classname="com.tests.CatalogTests" name="Check t shirt sub section title banner and listed items"/><testcase classname="com.tests.CatalogTests" name="Click color checkbox from women section and verify filtering"/><testcase classname="com.tests.CatalogTests" name="Navigate to women section and check landing page"/></testsuite>