<?xml version="1.0" encoding="UTF-8"?><testsuite errors="0" failures="0" name="com.tests.MainTests" skipped="0" tests="7" time="99.53" timestamp="2017-03-90 02:30:47"><testcase classname="com.tests.MainTests" name="Check elements presence from dresses drop down"/><testcase classname="com.tests.MainTests" name="Check elements presence from women drop down"/><testcase classname="com.tests.MainTests" name="Check banners presence"/><testcase classname="com.tests.MainTests" name="Check t shirt element presence"/><testcase classname="com.tests.MainTests" name="Check shopping chart presence"/><testcase classname="com.tests.MainTests" name="Check popular and best sellers sections presence"/><testcase classname="com.tests.MainTests" name="Check logo presence"/></testsuite>