<?xml version="1.0" encoding="UTF-8"?><testsuite errors="0" failures="0" name="com.tests.QuickViewTests" skipped="0" tests="4" time="97.98" timestamp="2017-03-90 02:32:32"><testcase classname="com.tests.QuickViewTests" name="Share product on social network and chek launced pop up"/><testcase classname="com.tests.QuickViewTests" name="Add product to wish list and check confirmation"/><testcase classname="com.tests.QuickViewTests" name="Increase product quantity and check quantity field input"/><testcase classname="com.tests.QuickViewTests" name="Check product name is correct"/></testsuite>