<?xml version="1.0" encoding="UTF-8"?><testsuite errors="1" failures="0" name="com.Tests.MainTests" skipped="0" tests="1" time="8.9" timestamp="2017-03-86 01:54:54"><testcase classname="com.Tests.MainTests" name="Check tshirt element presence"><error type="java.lang.StackOverflowError"/><system-err>null&#13;
com.Tests.MainTests.checkTshirtElementPresence(MainTests.java:49)&#13;
com.Tests.MainTests.checkTshirtElementPresence(MainTests.java:49)&#13;
com.Tests.MainTests.checkTshirtElementPresence(MainTests.java:49)&#13;
com.Tests.MainTests.checkTshirtElementPresence(MainTests.java:49)&#13;
com.Tests.MainTests.checkTshirtElementPresence(MainTests.java:49)&#13;
com.Tests.MainTests.checkTshirtElementPresence(MainTests.java:49)&#13;
com.Tests.MainTests.checkTshirtElementPresence(MainTests.java:49)&#13;
com.Tests.MainTests.checkTshirtElementPresence(MainTests.java:49)&#13;
com.Tests.MainTests.checkTshirtElementPresence(MainTests.java:49)&#13;
com.Tests.MainTests.checkTshirtElementPresence(MainTests.java:49)&#13;
com.Tests.MainTests.checkTshirtElementPresence(MainTests.java:49)&#13;
com.Tests.MainTests.checkTshirtElementPresence(MainTests.java:49)&#13;
com.Tests.MainTests.checkTshirtElementPresence(MainTests.java:49)&#13;
com.Tests.MainTests.checkTshirtElementPresence(MainTests.java:49)&#13;
com.Tests.MainTests.checkTshirtElementPresence(MainTests.java:49)&#13;
com.Tests.MainTests.checkTshirtElementPresence(MainTests.java:49)&#13;
com.Tests.MainTests.checkTshirtElementPresence(MainTests.java:49)&#13;
com.Tests.MainTests.checkTshirtElementPresence(MainTests.java:49)&#13;
com.Tests.MainTests.checkTshirtElementPresence(MainTests.java:49)&#13;
com.Tests.MainTests.checkTshirtElementPresence(MainTests.java:49)&#13;
com.Tests.MainTests.checkTshirtElementPresence(MainTests.java:49)&#13;
com.Tests.MainTests.checkTshirtElementPresence(MainTests.java:49)&#13;
com.Tests.MainTests.checkTshirtElementPresence(MainTests.java:49)&#13;
com.Tests.MainTests.checkTshirtElementPresence(MainTests.java:49)&#13;
com.Tests.MainTests.checkTshirtElementPresence(MainTests.java:49)&#13;
com.Tests.MainTests.checkTshirtElementPresence(MainTests.java:49)&#13;
com.Tests.MainTests.checkTshirtElementPresence(MainTests.java:49)&#13;
com.Tests.MainTests.checkTshirtElementPresence(MainTests.java:49)&#13;
com.Tests.MainTests.checkTshirtElementPresence(MainTests.java:49)&#13;
com.Tests.MainTests.checkTshirtElementPresence(MainTests.java:49)&#13;
com.Tests.MainTests.checkTshirtElementPresence(MainTests.java:49)&#13;
com.Tests.MainTests.checkTshirtElementPresence(MainTests.java:49)&#13;
com.Tests.MainTests.checkTshirtElementPresence(MainTests.java:49)&#13;
com.Tests.MainTests.checkTshirtElementPresence(MainTests.java:49)&#13;
com.Tests.MainTests.checkTshirtElementPresence(MainTests.java:49)&#13;
com.Tests.MainTests.checkTshirtElementPresence(MainTests.java:49)&#13;
com.Tests.MainTests.checkTshirtElementPresence(MainTests.java:49)&#13;
com.Tests.MainTests.checkTshirtElementPresence(MainTests.java:49)&#13;
com.Tests.MainTests.checkTshirtElementPresence(MainTests.java:49)&#13;
com.Tests.MainTests.checkTshirtElementPresence(MainTests.java:49)&#13;
com.Tests.MainTests.checkTshirtElementPresence(MainTests.java:49)&#13;
com.Tests.MainTests.checkTshirtElementPresence(MainTests.java:49)&#13;
com.Tests.MainTests.checkTshirtElementPresence(MainTests.java:49)&#13;
com.Tests.MainTests.checkTshirtElementPresence(MainTests.java:49)&#13;
com.Tests.MainTests.checkTshirtElementPresence(MainTests.java:49)&#13;
com.Tests.MainTests.checkTshirtElementPresence(MainTests.java:49)&#13;
com.Tests.MainTests.checkTshirtElementPresence(MainTests.java:49)&#13;
com.Tests.MainTests.checkTshirtElementPresence(MainTests.java:49)&#13;
com.Tests.MainTests.checkTshirtElementPresence(MainTests.java:49)&#13;
com.Tests.MainTests.checkTshirtElementPresence(MainTests.java:49)&#13;
com.Tests.MainTests.checkTshirtElementPresence(MainTests.java:49)&#13;
com.Tests.MainTests.checkTshirtElementPresence(MainTests.java:49)&#13;
com.Tests.MainTests.checkTshirtElementPresence(MainTests.java:49)&#13;
com.Tests.MainTests.checkTshirtElementPresence(MainTests.java:49)&#13;
com.Tests.MainTests.checkTshirtElementPresence(MainTests.java:49)&#13;
com.Tests.MainTests.checkTshirtElementPresence(MainTests.java:49)&#13;
com.Tests.MainTests.checkTshirtElementPresence(MainTests.java:49)&#13;
com.Tests.MainTests.checkTshirtElementPresence(MainTests.java:49)&#13;
com.Tests.MainTests.checkTshirtElementPresence(MainTests.java:49)&#13;
com.Tests.MainTests.checkTshirtElementPresence(MainTests.java:49)&#13;
com.Tests.MainTests.checkTshirtElementPresence(MainTests.java:49)&#13;
com.Tests.MainTests.checkTshirtElementPresence(MainTests.java:49)&#13;
com.Tests.MainTests.checkTshirtElementPresence(MainTests.java:49)&#13;
com.Tests.MainTests.checkTshirtElementPresence(MainTests.java:49)&#13;
com.Tests.MainTests.checkTshirtElementPresence(MainTests.java:49)&#13;
com.Tests.MainTests.checkTshirtElementPresence(MainTests.java:49)&#13;
com.Tests.MainTests.checkTshirtElementPresence(MainTests.java:49)&#13;
com.Tests.MainTests.checkTshirtElementPresence(MainTests.java:49)&#13;
com.Tests.MainTests.checkTshirtElementPresence(MainTests.java:49)&#13;
com.Tests.MainTests.checkTshirtElementPresence(MainTests.java:49)&#13;
com.Tests.MainTests.checkTshirtElementPresence(MainTests.java:49)&#13;
com.Tests.MainTests.checkTshirtElementPresence(MainTests.java:49)&#13;
com.Tests.MainTests.checkTshirtElementPresence(MainTests.java:49)&#13;
com.Tests.MainTests.checkTshirtElementPresence(MainTests.java:49)&#13;
com.Tests.MainTests.checkTshirtElementPresence(MainTests.java:49)&#13;
com.Tests.MainTests.checkTshirtElementPresence(MainTests.java:49)&#13;
com.Tests.MainTests.checkTshirtElementPresence(MainTests.java:49)&#13;
com.Tests.MainTests.checkTshirtElementPresence(MainTests.java:49)&#13;
com.Tests.MainTests.checkTshirtElementPresence(MainTests.java:49)&#13;
com.Tests.MainTests.checkTshirtElementPresence(MainTests.java:49)&#13;
com.Tests.MainTests.checkTshirtElementPresence(MainTests.java:49)&#13;
com.Tests.MainTests.checkTshirtElementPresence(MainTests.java:49)&#13;
com.Tests.MainTests.checkTshirtElementPresence(MainTests.java:49)&#13;
com.Tests.MainTests.checkTshirtElementPresence(MainTests.java:49)&#13;
com.Tests.MainTests.checkTshirtElementPresence(MainTests.java:49)&#13;
com.Tests.MainTests.checkTshirtElementPresence(MainTests.java:49)&#13;
com.Tests.MainTests.checkTshirtElementPresence(MainTests.java:49)&#13;
com.Tests.MainTests.checkTshirtElementPresence(MainTests.java:49)&#13;
com.Tests.MainTests.checkTshirtElementPresence(MainTests.java:49)&#13;
com.Tests.MainTests.checkTshirtElementPresence(MainTests.java:49)&#13;
com.Tests.MainTests.checkTshirtElementPresence(MainTests.java:49)&#13;
com.Tests.MainTests.checkTshirtElementPresence(MainTests.java:49)&#13;
com.Tests.MainTests.checkTshirtElementPresence(MainTests.java:49)&#13;
com.Tests.MainTests.checkTshirtElementPresence(MainTests.java:49)&#13;
com.Tests.MainTests.checkTshirtElementPresence(MainTests.java:49)&#13;
com.Tests.MainTests.checkTshirtElementPresence(MainTests.java:49)&#13;
com.Tests.MainTests.checkTshirtElementPresence(MainTests.java:49)&#13;
com.Tests.MainTests.checkTshirtElementPresence(MainTests.java:49)&#13;
com.Tests.MainTests.checkTshirtElementPresence(MainTests.java:49)&#13;
com.Tests.MainTests.checkTshirtElementPresence(MainTests.java:49)&#13;
com.Tests.MainTests.checkTshirtElementPresence(MainTests.java:49)&#13;
com.Tests.MainTests.checkTshirtElementPresence(MainTests.java:49)&#13;
com.Tests.MainTests.checkTshirtElementPresence(MainTests.java:49)&#13;
com.Tests.MainTests.checkTshirtElementPresence(MainTests.java:49)&#13;
com.Tests.MainTests.checkTshirtElementPresence(MainTests.java:49)&#13;
com.Tests.MainTests.checkTshirtElementPresence(MainTests.java:49)&#13;
com.Tests.MainTests.checkTshirtElementPresence(MainTests.java:49)&#13;
com.Tests.MainTests.checkTshirtElementPresence(MainTests.java:49)&#13;
com.Tests.MainTests.checkTshirtElementPresence(MainTests.java:49)&#13;
com.Tests.MainTests.checkTshirtElementPresence(MainTests.java:49)&#13;
com.Tests.MainTests.checkTshirtElementPresence(MainTests.java:49)&#13;
com.Tests.MainTests.checkTshirtElementPresence(MainTests.java:49)&#13;
com.Tests.MainTests.checkTshirtElementPresence(MainTests.java:49)&#13;
com.Tests.MainTests.checkTshirtElementPresence(MainTests.java:49)&#13;
com.Tests.MainTests.checkTshirtElementPresence(MainTests.java:49)&#13;
com.Tests.MainTests.checkTshirtElementPresence(MainTests.java:49)&#13;
com.Tests.MainTests.checkTshirtElementPresence(MainTests.java:49)&#13;
com.Tests.MainTests.checkTshirtElementPresence(MainTests.java:49)&#13;
com.Tests.MainTests.checkTshirtElementPresence(MainTests.java:49)&#13;
com.Tests.MainTests.checkTshirtElementPresence(MainTests.java:49)&#13;
com.Tests.MainTests.checkTshirtElementPresence(MainTests.java:49)&#13;
com.Tests.MainTests.checkTshirtElementPresence(MainTests.java:49)&#13;
com.Tests.MainTests.checkTshirtElementPresence(MainTests.java:49)&#13;
com.Tests.MainTests.checkTshirtElementPresence(MainTests.java:49)&#13;
com.Tests.MainTests.checkTshirtElementPresence(MainTests.java:49)&#13;
com.Tests.MainTests.checkTshirtElementPresence(MainTests.java:49)&#13;
com.Tests.MainTests.checkTshirtElementPresence(MainTests.java:49)&#13;
com.Tests.MainTests.checkTshirtElementPresence(MainTests.java:49)&#13;
com.Tests.MainTests.checkTshirtElementPresence(MainTests.java:49)&#13;
com.Tests.MainTests.checkTshirtElementPresence(MainTests.java:49)&#13;
com.Tests.MainTests.checkTshirtElementPresence(MainTests.java:49)&#13;
com.Tests.MainTests.checkTshirtElementPresence(MainTests.java:49)&#13;
com.Tests.MainTests.checkTshirtElementPresence(MainTests.java:49)&#13;
com.Tests.MainTests.checkTshirtElementPresence(MainTests.java:49)&#13;
com.Tests.MainTests.checkTshirtElementPresence(MainTests.java:49)&#13;
com.Tests.MainTests.checkTshirtElementPresence(MainTests.java:49)&#13;
com.Tests.MainTests.checkTshirtElementPresence(MainTests.java:49)&#13;
com.Tests.MainTests.checkTshirtElementPresence(MainTests.java:49)&#13;
com.Tests.MainTests.checkTshirtElementPresence(MainTests.java:49)&#13;
com.Tests.MainTests.checkTshirtElementPresence(MainTests.java:49)&#13;
com.Tests.MainTests.checkTshirtElementPresence(MainTests.java:49)&#13;
com.Tests.MainTests.checkTshirtElementPresence(MainTests.java:49)&#13;
com.Tests.MainTests.checkTshirtElementPresence(MainTests.java:49)&#13;
com.Tests.MainTests.checkTshirtElementPresence(MainTests.java:49)&#13;
com.Tests.MainTests.checkTshirtElementPresence(MainTests.java:49)&#13;
com.Tests.MainTests.checkTshirtElementPresence(MainTests.java:49)&#13;
com.Tests.MainTests.checkTshirtElementPresence(MainTests.java:49)&#13;
com.Tests.MainTests.checkTshirtElementPresence(MainTests.java:49)&#13;
com.Tests.MainTests.checkTshirtElementPresence(MainTests.java:49)&#13;
com.Tests.MainTests.checkTshirtElementPresence(MainTests.java:49)&#13;
com.Tests.MainTests.checkTshirtElementPresence(MainTests.java:49)&#13;
com.Tests.MainTests.checkTshirtElementPresence(MainTests.java:49)&#13;
com.Tests.MainTests.checkTshirtElementPresence(MainTests.java:49)&#13;
com.Tests.MainTests.checkTshirtElementPresence(MainTests.java:49)&#13;
com.Tests.MainTests.checkTshirtElementPresence(MainTests.java:49)&#13;
com.Tests.MainTests.checkTshirtElementPresence(MainTests.java:49)&#13;
com.Tests.MainTests.checkTshirtElementPresence(MainTests.java:49)&#13;
com.Tests.MainTests.checkTshirtElementPresence(MainTests.java:49)&#13;
com.Tests.MainTests.checkTshirtElementPresence(MainTests.java:49)&#13;
com.Tests.MainTests.checkTshirtElementPresence(MainTests.java:49)&#13;
com.Tests.MainTests.checkTshirtElementPresence(MainTests.java:49)&#13;
com.Tests.MainTests.checkTshirtElementPresence(MainTests.java:49)&#13;
com.Tests.MainTests.checkTshirtElementPresence(MainTests.java:49)&#13;
com.Tests.MainTests.checkTshirtElementPresence(MainTests.java:49)&#13;
com.Tests.MainTests.checkTshirtElementPresence(MainTests.java:49)&#13;
com.Tests.MainTests.checkTshirtElementPresence(MainTests.java:49)&#13;
com.Tests.MainTests.checkTshirtElementPresence(MainTests.java:49)&#13;
com.Tests.MainTests.checkTshirtElementPresence(MainTests.java:49)&#13;
com.Tests.MainTests.checkTshirtElementPresence(MainTests.java:49)&#13;
com.Tests.MainTests.checkTshirtElementPresence(MainTests.java:49)&#13;
com.Tests.MainTests.checkTshirtElementPresence(MainTests.java:49)&#13;
com.Tests.MainTests.checkTshirtElementPresence(MainTests.java:49)&#13;
com.Tests.MainTests.checkTshirtElementPresence(MainTests.java:49)&#13;
com.Tests.MainTests.checkTshirtElementPresence(MainTests.java:49)&#13;
com.Tests.MainTests.checkTshirtElementPresence(MainTests.java:49)&#13;
com.Tests.MainTests.checkTshirtElementPresence(MainTests.java:49)&#13;
com.Tests.MainTests.checkTshirtElementPresence(MainTests.java:49)&#13;
com.Tests.MainTests.checkTshirtElementPresence(MainTests.java:49)&#13;
com.Tests.MainTests.checkTshirtElementPresence(MainTests.java:49)&#13;
com.Tests.MainTests.checkTshirtElementPresence(MainTests.java:49)&#13;
com.Tests.MainTests.checkTshirtElementPresence(MainTests.java:49)&#13;
com.Tests.MainTests.checkTshirtElementPresence(MainTests.java:49)&#13;
com.Tests.MainTests.checkTshirtElementPresence(MainTests.java:49)&#13;
com.Tests.MainTests.checkTshirtElementPresence(MainTests.java:49)&#13;
com.Tests.MainTests.checkTshirtElementPresence(MainTests.java:49)&#13;
com.Tests.MainTests.checkTshirtElementPresence(MainTests.java:49)&#13;
com.Tests.MainTests.checkTshirtElementPresence(MainTests.java:49)&#13;
com.Tests.MainTests.checkTshirtElementPresence(MainTests.java:49)&#13;
com.Tests.MainTests.checkTshirtElementPresence(MainTests.java:49)&#13;
com.Tests.MainTests.checkTshirtElementPresence(MainTests.java:49)&#13;
com.Tests.MainTests.checkTshirtElementPresence(MainTests.java:49)&#13;
com.Tests.MainTests.checkTshirtElementPresence(MainTests.java:49)&#13;
com.Tests.MainTests.checkTshirtElementPresence(MainTests.java:49)&#13;
com.Tests.MainTests.checkTshirtElementPresence(MainTests.java:49)&#13;
com.Tests.MainTests.checkTshirtElementPresence(MainTests.java:49)&#13;
com.Tests.MainTests.checkTshirtElementPresence(MainTests.java:49)&#13;
com.Tests.MainTests.checkTshirtElementPresence(MainTests.java:49)&#13;
com.Tests.MainTests.checkTshirtElementPresence(MainTests.java:49)&#13;
com.Tests.MainTests.checkTshirtElementPresence(MainTests.java:49)&#13;
com.Tests.MainTests.checkTshirtElementPresence(MainTests.java:49)&#13;
com.Tests.MainTests.checkTshirtElementPresence(MainTests.java:49)&#13;
com.Tests.MainTests.checkTshirtElementPresence(MainTests.java:49)&#13;
com.Tests.MainTests.checkTshirtElementPresence(MainTests.java:49)&#13;
com.Tests.MainTests.checkTshirtElementPresence(MainTests.java:49)&#13;
com.Tests.MainTests.checkTshirtElementPresence(MainTests.java:49)&#13;
com.Tests.MainTests.checkTshirtElementPresence(MainTests.java:49)&#13;
com.Tests.MainTests.checkTshirtElementPresence(MainTests.java:49)&#13;
com.Tests.MainTests.checkTshirtElementPresence(MainTests.java:49)&#13;
com.Tests.MainTests.checkTshirtElementPresence(MainTests.java:49)&#13;
com.Tests.MainTests.checkTshirtElementPresence(MainTests.java:49)&#13;
com.Tests.MainTests.checkTshirtElementPresence(MainTests.java:49)&#13;
com.Tests.MainTests.checkTshirtElementPresence(MainTests.java:49)&#13;
com.Tests.MainTests.checkTshirtElementPresence(MainTests.java:49)&#13;
com.Tests.MainTests.checkTshirtElementPresence(MainTests.java:49)&#13;
com.Tests.MainTests.checkTshirtElementPresence(MainTests.java:49)&#13;
com.Tests.MainTests.checkTshirtElementPresence(MainTests.java:49)&#13;
com.Tests.MainTests.checkTshirtElementPresence(MainTests.java:49)&#13;
com.Tests.MainTests.checkTshirtElementPresence(MainTests.java:49)&#13;
com.Tests.MainTests.checkTshirtElementPresence(MainTests.java:49)&#13;
com.Tests.MainTests.checkTshirtElementPresence(MainTests.java:49)&#13;
com.Tests.MainTests.checkTshirtElementPresence(MainTests.java:49)&#13;
com.Tests.MainTests.checkTshirtElementPresence(MainTests.java:49)&#13;
com.Tests.MainTests.checkTshirtElementPresence(MainTests.java:49)&#13;
com.Tests.MainTests.checkTshirtElementPresence(MainTests.java:49)&#13;
com.Tests.MainTests.checkTshirtElementPresence(MainTests.java:49)&#13;
com.Tests.MainTests.checkTshirtElementPresence(MainTests.java:49)&#13;
com.Tests.MainTests.checkTshirtElementPresence(MainTests.java:49)&#13;
com.Tests.MainTests.checkTshirtElementPresence(MainTests.java:49)&#13;
com.Tests.MainTests.checkTshirtElementPresence(MainTests.java:49)&#13;
com.Tests.MainTests.checkTshirtElementPresence(MainTests.java:49)&#13;
com.Tests.MainTests.checkTshirtElementPresence(MainTests.java:49)&#13;
com.Tests.MainTests.checkTshirtElementPresence(MainTests.java:49)&#13;
com.Tests.MainTests.checkTshirtElementPresence(MainTests.java:49)&#13;
com.Tests.MainTests.checkTshirtElementPresence(MainTests.java:49)&#13;
com.Tests.MainTests.checkTshirtElementPresence(MainTests.java:49)&#13;
com.Tests.MainTests.checkTshirtElementPresence(MainTests.java:49)&#13;
com.Tests.MainTests.checkTshirtElementPresence(MainTests.java:49)&#13;
com.Tests.MainTests.checkTshirtElementPresence(MainTests.java:49)&#13;
com.Tests.MainTests.checkTshirtElementPresence(MainTests.java:49)&#13;
com.Tests.MainTests.checkTshirtElementPresence(MainTests.java:49)&#13;
com.Tests.MainTests.checkTshirtElementPresence(MainTests.java:49)&#13;
com.Tests.MainTests.checkTshirtElementPresence(MainTests.java:49)&#13;
com.Tests.MainTests.checkTshirtElementPresence(MainTests.java:49)&#13;
com.Tests.MainTests.checkTshirtElementPresence(MainTests.java:49)&#13;
com.Tests.MainTests.checkTshirtElementPresence(MainTests.java:49)&#13;
com.Tests.MainTests.checkTshirtElementPresence(MainTests.java:49)&#13;
com.Tests.MainTests.checkTshirtElementPresence(MainTests.java:49)&#13;
com.Tests.MainTests.checkTshirtElementPresence(MainTests.java:49)&#13;
com.Tests.MainTests.checkTshirtElementPresence(MainTests.java:49)&#13;
com.Tests.MainTests.checkTshirtElementPresence(MainTests.java:49)&#13;
com.Tests.MainTests.checkTshirtElementPresence(MainTests.java:49)&#13;
com.Tests.MainTests.checkTshirtElementPresence(MainTests.java:49)&#13;
com.Tests.MainTests.checkTshirtElementPresence(MainTests.java:49)&#13;
com.Tests.MainTests.checkTshirtElementPresence(MainTests.java:49)&#13;
com.Tests.MainTests.checkTshirtElementPresence(MainTests.java:49)&#13;
com.Tests.MainTests.checkTshirtElementPresence(MainTests.java:49)&#13;
com.Tests.MainTests.checkTshirtElementPresence(MainTests.java:49)&#13;
com.Tests.MainTests.checkTshirtElementPresence(MainTests.java:49)&#13;
com.Tests.MainTests.checkTshirtElementPresence(MainTests.java:49)&#13;
com.Tests.MainTests.checkTshirtElementPresence(MainTests.java:49)&#13;
com.Tests.MainTests.checkTshirtElementPresence(MainTests.java:49)&#13;
com.Tests.MainTests.checkTshirtElementPresence(MainTests.java:49)&#13;
com.Tests.MainTests.checkTshirtElementPresence(MainTests.java:49)&#13;
com.Tests.MainTests.checkTshirtElementPresence(MainTests.java:49)&#13;
com.Tests.MainTests.checkTshirtElementPresence(MainTests.java:49)&#13;
com.Tests.MainTests.checkTshirtElementPresence(MainTests.java:49)&#13;
com.Tests.MainTests.checkTshirtElementPresence(MainTests.java:49)&#13;
com.Tests.MainTests.checkTshirtElementPresence(MainTests.java:49)&#13;
com.Tests.MainTests.checkTshirtElementPresence(MainTests.java:49)&#13;
com.Tests.MainTests.checkTshirtElementPresence(MainTests.java:49)&#13;
com.Tests.MainTests.checkTshirtElementPresence(MainTests.java:49)&#13;
com.Tests.MainTests.checkTshirtElementPresence(MainTests.java:49)&#13;
com.Tests.MainTests.checkTshirtElementPresence(MainTests.java:49)&#13;
com.Tests.MainTests.checkTshirtElementPresence(MainTests.java:49)&#13;
com.Tests.MainTests.checkTshirtElementPresence(MainTests.java:49)&#13;
com.Tests.MainTests.checkTshirtElementPresence(MainTests.java:49)&#13;
com.Tests.MainTests.checkTshirtElementPresence(MainTests.java:49)&#13;
com.Tests.MainTests.checkTshirtElementPresence(MainTests.java:49)&#13;
com.Tests.MainTests.checkTshirtElementPresence(MainTests.java:49)&#13;
com.Tests.MainTests.checkTshirtElementPresence(MainTests.java:49)&#13;
com.Tests.MainTests.checkTshirtElementPresence(MainTests.java:49)&#13;
com.Tests.MainTests.checkTshirtElementPresence(MainTests.java:49)&#13;
com.Tests.MainTests.checkTshirtElementPresence(MainTests.java:49)&#13;
com.Tests.MainTests.checkTshirtElementPresence(MainTests.java:49)&#13;
com.Tests.MainTests.checkTshirtElementPresence(MainTests.java:49)&#13;
com.Tests.MainTests.checkTshirtElementPresence(MainTests.java:49)&#13;
com.Tests.MainTests.checkTshirtElementPresence(MainTests.java:49)&#13;
com.Tests.MainTests.checkTshirtElementPresence(MainTests.java:49)&#13;
com.Tests.MainTests.checkTshirtElementPresence(MainTests.java:49)&#13;
com.Tests.MainTests.checkTshirtElementPresence(MainTests.java:49)&#13;
com.Tests.MainTests.checkTshirtElementPresence(MainTests.java:49)&#13;
com.Tests.MainTests.checkTshirtElementPresence(MainTests.java:49)&#13;
com.Tests.MainTests.checkTshirtElementPresence(MainTests.java:49)&#13;
com.Tests.MainTests.checkTshirtElementPresence(MainTests.java:49)&#13;
com.Tests.MainTests.checkTshirtElementPresence(MainTests.java:49)&#13;
com.Tests.MainTests.checkTshirtElementPresence(MainTests.java:49)&#13;
com.Tests.MainTests.checkTshirtElementPresence(MainTests.java:49)&#13;
com.Tests.MainTests.checkTshirtElementPresence(MainTests.java:49)&#13;
com.Tests.MainTests.checkTshirtElementPresence(MainTests.java:49)&#13;
com.Tests.MainTests.checkTshirtElementPresence(MainTests.java:49)&#13;
com.Tests.MainTests.checkTshirtElementPresence(MainTests.java:49)&#13;
com.Tests.MainTests.checkTshirtElementPresence(MainTests.java:49)&#13;
com.Tests.MainTests.checkTshirtElementPresence(MainTests.java:49)&#13;
com.Tests.MainTests.checkTshirtElementPresence(MainTests.java:49)&#13;
com.Tests.MainTests.checkTshirtElementPresence(MainTests.java:49)&#13;
com.Tests.MainTests.checkTshirtElementPresence(MainTests.java:49)&#13;
com.Tests.MainTests.checkTshirtElementPresence(MainTests.java:49)&#13;
com.Tests.MainTests.checkTshirtElementPresence(MainTests.java:49)&#13;
com.Tests.MainTests.checkTshirtElementPresence(MainTests.java:49)&#13;
com.Tests.MainTests.checkTshirtElementPresence(MainTests.java:49)&#13;
com.Tests.MainTests.checkTshirtElementPresence(MainTests.java:49)&#13;
com.Tests.MainTests.checkTshirtElementPresence(MainTests.java:49)&#13;
com.Tests.MainTests.checkTshirtElementPresence(MainTests.java:49)&#13;
com.Tests.MainTests.checkTshirtElementPresence(MainTests.java:49)&#13;
com.Tests.MainTests.checkTshirtElementPresence(MainTests.java:49)&#13;
com.Tests.MainTests.checkTshirtElementPresence(MainTests.java:49)&#13;
com.Tests.MainTests.checkTshirtElementPresence(MainTests.java:49)&#13;
com.Tests.MainTests.checkTshirtElementPresence(MainTests.java:49)&#13;
com.Tests.MainTests.checkTshirtElementPresence(MainTests.java:49)&#13;
com.Tests.MainTests.checkTshirtElementPresence(MainTests.java:49)&#13;
com.Tests.MainTests.checkTshirtElementPresence(MainTests.java:49)&#13;
com.Tests.MainTests.checkTshirtElementPresence(MainTests.java:49)&#13;
com.Tests.MainTests.checkTshirtElementPresence(MainTests.java:49)&#13;
com.Tests.MainTests.checkTshirtElementPresence(MainTests.java:49)&#13;
com.Tests.MainTests.checkTshirtElementPresence(MainTests.java:49)&#13;
com.Tests.MainTests.checkTshirtElementPresence(MainTests.java:49)&#13;
com.Tests.MainTests.checkTshirtElementPresence(MainTests.java:49)&#13;
com.Tests.MainTests.checkTshirtElementPresence(MainTests.java:49)&#13;
com.Tests.MainTests.checkTshirtElementPresence(MainTests.java:49)&#13;
com.Tests.MainTests.checkTshirtElementPresence(MainTests.java:49)&#13;
com.Tests.MainTests.checkTshirtElementPresence(MainTests.java:49)&#13;
com.Tests.MainTests.checkTshirtElementPresence(MainTests.java:49)&#13;
com.Tests.MainTests.checkTshirtElementPresence(MainTests.java:49)&#13;
com.Tests.MainTests.checkTshirtElementPresence(MainTests.java:49)&#13;
com.Tests.MainTests.checkTshirtElementPresence(MainTests.java:49)&#13;
com.Tests.MainTests.checkTshirtElementPresence(MainTests.java:49)&#13;
com.Tests.MainTests.checkTshirtElementPresence(MainTests.java:49)&#13;
com.Tests.MainTests.checkTshirtElementPresence(MainTests.java:49)&#13;
com.Tests.MainTests.checkTshirtElementPresence(MainTests.java:49)&#13;
com.Tests.MainTests.checkTshirtElementPresence(MainTests.java:49)&#13;
com.Tests.MainTests.checkTshirtElementPresence(MainTests.java:49)&#13;
com.Tests.MainTests.checkTshirtElementPresence(MainTests.java:49)&#13;
com.Tests.MainTests.checkTshirtElementPresence(MainTests.java:49)&#13;
com.Tests.MainTests.checkTshirtElementPresence(MainTests.java:49)&#13;
com.Tests.MainTests.checkTshirtElementPresence(MainTests.java:49)&#13;
com.Tests.MainTests.checkTshirtElementPresence(MainTests.java:49)&#13;
com.Tests.MainTests.checkTshirtElementPresence(MainTests.java:49)&#13;
com.Tests.MainTests.checkTshirtElementPresence(MainTests.java:49)&#13;
com.Tests.MainTests.checkTshirtElementPresence(MainTests.java:49)&#13;
com.Tests.MainTests.checkTshirtElementPresence(MainTests.java:49)&#13;
com.Tests.MainTests.checkTshirtElementPresence(MainTests.java:49)&#13;
com.Tests.MainTests.checkTshirtElementPresence(MainTests.java:49)&#13;
com.Tests.MainTests.checkTshirtElementPresence(MainTests.java:49)&#13;
com.Tests.MainTests.checkTshirtElementPresence(MainTests.java:49)&#13;
com.Tests.MainTests.checkTshirtElementPresence(MainTests.java:49)&#13;
com.Tests.MainTests.checkTshirtElementPresence(MainTests.java:49)&#13;
com.Tests.MainTests.checkTshirtElementPresence(MainTests.java:49)&#13;
com.Tests.MainTests.checkTshirtElementPresence(MainTests.java:49)&#13;
com.Tests.MainTests.checkTshirtElementPresence(MainTests.java:49)&#13;
com.Tests.MainTests.checkTshirtElementPresence(MainTests.java:49)&#13;
com.Tests.MainTests.checkTshirtElementPresence(MainTests.java:49)&#13;
com.Tests.MainTests.checkTshirtElementPresence(MainTests.java:49)&#13;
com.Tests.MainTests.checkTshirtElementPresence(MainTests.java:49)&#13;
com.Tests.MainTests.checkTshirtElementPresence(MainTests.java:49)&#13;
com.Tests.MainTests.checkTshirtElementPresence(MainTests.java:49)&#13;
com.Tests.MainTests.checkTshirtElementPresence(MainTests.java:49)&#13;
com.Tests.MainTests.checkTshirtElementPresence(MainTests.java:49)&#13;
com.Tests.MainTests.checkTshirtElementPresence(MainTests.java:49)&#13;
com.Tests.MainTests.checkTshirtElementPresence(MainTests.java:49)&#13;
com.Tests.MainTests.checkTshirtElementPresence(MainTests.java:49)&#13;
com.Tests.MainTests.checkTshirtElementPresence(MainTests.java:49)&#13;
com.Tests.MainTests.checkTshirtElementPresence(MainTests.java:49)&#13;
com.Tests.MainTests.checkTshirtElementPresence(MainTests.java:49)&#13;
com.Tests.MainTests.checkTshirtElementPresence(MainTests.java:49)&#13;
com.Tests.MainTests.checkTshirtElementPresence(MainTests.java:49)&#13;
com.Tests.MainTests.checkTshirtElementPresence(MainTests.java:49)&#13;
com.Tests.MainTests.checkTshirtElementPresence(MainTests.java:49)&#13;
com.Tests.MainTests.checkTshirtElementPresence(MainTests.java:49)&#13;
com.Tests.MainTests.checkTshirtElementPresence(MainTests.java:49)&#13;
com.Tests.MainTests.checkTshirtElementPresence(MainTests.java:49)&#13;
com.Tests.MainTests.checkTshirtElementPresence(MainTests.java:49)&#13;
com.Tests.MainTests.checkTshirtElementPresence(MainTests.java:49)&#13;
com.Tests.MainTests.checkTshirtElementPresence(MainTests.java:49)&#13;
com.Tests.MainTests.checkTshirtElementPresence(MainTests.java:49)&#13;
com.Tests.MainTests.checkTshirtElementPresence(MainTests.java:49)&#13;
com.Tests.MainTests.checkTshirtElementPresence(MainTests.java:49)&#13;
com.Tests.MainTests.checkTshirtElementPresence(MainTests.java:49)&#13;
com.Tests.MainTests.checkTshirtElementPresence(MainTests.java:49)&#13;
com.Tests.MainTests.checkTshirtElementPresence(MainTests.java:49)&#13;
com.Tests.MainTests.checkTshirtElementPresence(MainTests.java:49)&#13;
com.Tests.MainTests.checkTshirtElementPresence(MainTests.java:49)&#13;
com.Tests.MainTests.checkTshirtElementPresence(MainTests.java:49)&#13;
com.Tests.MainTests.checkTshirtElementPresence(MainTests.java:49)&#13;
com.Tests.MainTests.checkTshirtElementPresence(MainTests.java:49)&#13;
com.Tests.MainTests.checkTshirtElementPresence(MainTests.java:49)&#13;
com.Tests.MainTests.checkTshirtElementPresence(MainTests.java:49)&#13;
com.Tests.MainTests.checkTshirtElementPresence(MainTests.java:49)&#13;
com.Tests.MainTests.checkTshirtElementPresence(MainTests.java:49)&#13;
com.Tests.MainTests.checkTshirtElementPresence(MainTests.java:49)&#13;
com.Tests.MainTests.checkTshirtElementPresence(MainTests.java:49)&#13;
com.Tests.MainTests.checkTshirtElementPresence(MainTests.java:49)&#13;
com.Tests.MainTests.checkTshirtElementPresence(MainTests.java:49)&#13;
com.Tests.MainTests.checkTshirtElementPresence(MainTests.java:49)&#13;
com.Tests.MainTests.checkTshirtElementPresence(MainTests.java:49)&#13;
com.Tests.MainTests.checkTshirtElementPresence(MainTests.java:49)&#13;
com.Tests.MainTests.checkTshirtElementPresence(MainTests.java:49)&#13;
com.Tests.MainTests.checkTshirtElementPresence(MainTests.java:49)&#13;
com.Tests.MainTests.checkTshirtElementPresence(MainTests.java:49)&#13;
com.Tests.MainTests.checkTshirtElementPresence(MainTests.java:49)&#13;
com.Tests.MainTests.checkTshirtElementPresence(MainTests.java:49)&#13;
com.Tests.MainTests.checkTshirtElementPresence(MainTests.java:49)&#13;
com.Tests.MainTests.checkTshirtElementPresence(MainTests.java:49)&#13;
com.Tests.MainTests.checkTshirtElementPresence(MainTests.java:49)&#13;
com.Tests.MainTests.checkTshirtElementPresence(MainTests.java:49)&#13;
com.Tests.MainTests.checkTshirtElementPresence(MainTests.java:49)&#13;
com.Tests.MainTests.checkTshirtElementPresence(MainTests.java:49)&#13;
com.Tests.MainTests.checkTshirtElementPresence(MainTests.java:49)&#13;
com.Tests.MainTests.checkTshirtElementPresence(MainTests.java:49)&#13;
com.Tests.MainTests.checkTshirtElementPresence(MainTests.java:49)&#13;
com.Tests.MainTests.checkTshirtElementPresence(MainTests.java:49)&#13;
com.Tests.MainTests.checkTshirtElementPresence(MainTests.java:49)&#13;
com.Tests.MainTests.checkTshirtElementPresence(MainTests.java:49)&#13;
com.Tests.MainTests.checkTshirtElementPresence(MainTests.java:49)&#13;
com.Tests.MainTests.checkTshirtElementPresence(MainTests.java:49)&#13;
com.Tests.MainTests.checkTshirtElementPresence(MainTests.java:49)&#13;
com.Tests.MainTests.checkTshirtElementPresence(MainTests.java:49)&#13;
com.Tests.MainTests.checkTshirtElementPresence(MainTests.java:49)&#13;
com.Tests.MainTests.checkTshirtElementPresence(MainTests.java:49)&#13;
com.Tests.MainTests.checkTshirtElementPresence(MainTests.java:49)&#13;
com.Tests.MainTests.checkTshirtElementPresence(MainTests.java:49)&#13;
com.Tests.MainTests.checkTshirtElementPresence(MainTests.java:49)&#13;
com.Tests.MainTests.checkTshirtElementPresence(MainTests.java:49)&#13;
com.Tests.MainTests.checkTshirtElementPresence(MainTests.java:49)&#13;
com.Tests.MainTests.checkTshirtElementPresence(MainTests.java:49)&#13;
com.Tests.MainTests.checkTshirtElementPresence(MainTests.java:49)&#13;
com.Tests.MainTests.checkTshirtElementPresence(MainTests.java:49)&#13;
com.Tests.MainTests.checkTshirtElementPresence(MainTests.java:49)&#13;
com.Tests.MainTests.checkTshirtElementPresence(MainTests.java:49)&#13;
com.Tests.MainTests.checkTshirtElementPresence(MainTests.java:49)&#13;
com.Tests.MainTests.checkTshirtElementPresence(MainTests.java:49)&#13;
com.Tests.MainTests.checkTshirtElementPresence(MainTests.java:49)&#13;
com.Tests.MainTests.checkTshirtElementPresence(MainTests.java:49)&#13;
com.Tests.MainTests.checkTshirtElementPresence(MainTests.java:49)&#13;
com.Tests.MainTests.checkTshirtElementPresence(MainTests.java:49)&#13;
com.Tests.MainTests.checkTshirtElementPresence(MainTests.java:49)&#13;
com.Tests.MainTests.checkTshirtElementPresence(MainTests.java:49)&#13;
com.Tests.MainTests.checkTshirtElementPresence(MainTests.java:49)&#13;
com.Tests.MainTests.checkTshirtElementPresence(MainTests.java:49)&#13;
com.Tests.MainTests.checkTshirtElementPresence(MainTests.java:49)&#13;
com.Tests.MainTests.checkTshirtElementPresence(MainTests.java:49)&#13;
com.Tests.MainTests.checkTshirtElementPresence(MainTests.java:49)&#13;
com.Tests.MainTests.checkTshirtElementPresence(MainTests.java:49)&#13;
com.Tests.MainTests.checkTshirtElementPresence(MainTests.java:49)&#13;
com.Tests.MainTests.checkTshirtElementPresence(MainTests.java:49)&#13;
com.Tests.MainTests.checkTshirtElementPresence(MainTests.java:49)&#13;
com.Tests.MainTests.checkTshirtElementPresence(MainTests.java:49)&#13;
com.Tests.MainTests.checkTshirtElementPresence(MainTests.java:49)&#13;
com.Tests.MainTests.checkTshirtElementPresence(MainTests.java:49)&#13;
com.Tests.MainTests.checkTshirtElementPresence(MainTests.java:49)&#13;
com.Tests.MainTests.checkTshirtElementPresence(MainTests.java:49)&#13;
com.Tests.MainTests.checkTshirtElementPresence(MainTests.java:49)&#13;
com.Tests.MainTests.checkTshirtElementPresence(MainTests.java:49)&#13;
com.Tests.MainTests.checkTshirtElementPresence(MainTests.java:49)&#13;
com.Tests.MainTests.checkTshirtElementPresence(MainTests.java:49)&#13;
com.Tests.MainTests.checkTshirtElementPresence(MainTests.java:49)&#13;
com.Tests.MainTests.checkTshirtElementPresence(MainTests.java:49)&#13;
com.Tests.MainTests.checkTshirtElementPresence(MainTests.java:49)&#13;
com.Tests.MainTests.checkTshirtElementPresence(MainTests.java:49)&#13;
com.Tests.MainTests.checkTshirtElementPresence(MainTests.java:49)&#13;
com.Tests.MainTests.checkTshirtElementPresence(MainTests.java:49)&#13;
com.Tests.MainTests.checkTshirtElementPresence(MainTests.java:49)&#13;
com.Tests.MainTests.checkTshirtElementPresence(MainTests.java:49)&#13;
com.Tests.MainTests.checkTshirtElementPresence(MainTests.java:49)&#13;
com.Tests.MainTests.checkTshirtElementPresence(MainTests.java:49)&#13;
com.Tests.MainTests.checkTshirtElementPresence(MainTests.java:49)&#13;
com.Tests.MainTests.checkTshirtElementPresence(MainTests.java:49)&#13;
com.Tests.MainTests.checkTshirtElementPresence(MainTests.java:49)&#13;
com.Tests.MainTests.checkTshirtElementPresence(MainTests.java:49)&#13;
com.Tests.MainTests.checkTshirtElementPresence(MainTests.java:49)&#13;
com.Tests.MainTests.checkTshirtElementPresence(MainTests.java:49)&#13;
com.Tests.MainTests.checkTshirtElementPresence(MainTests.java:49)&#13;
com.Tests.MainTests.checkTshirtElementPresence(MainTests.java:49)&#13;
com.Tests.MainTests.checkTshirtElementPresence(MainTests.java:49)&#13;
com.Tests.MainTests.checkTshirtElementPresence(MainTests.java:49)&#13;
com.Tests.MainTests.checkTshirtElementPresence(MainTests.java:49)&#13;
com.Tests.MainTests.checkTshirtElementPresence(MainTests.java:49)&#13;
com.Tests.MainTests.checkTshirtElementPresence(MainTests.java:49)&#13;
com.Tests.MainTests.checkTshirtElementPresence(MainTests.java:49)&#13;
com.Tests.MainTests.checkTshirtElementPresence(MainTests.java:49)&#13;
com.Tests.MainTests.checkTshirtElementPresence(MainTests.java:49)&#13;
com.Tests.MainTests.checkTshirtElementPresence(MainTests.java:49)&#13;
com.Tests.MainTests.checkTshirtElementPresence(MainTests.java:49)&#13;
com.Tests.MainTests.checkTshirtElementPresence(MainTests.java:49)&#13;
com.Tests.MainTests.checkTshirtElementPresence(MainTests.java:49)&#13;
com.Tests.MainTests.checkTshirtElementPresence(MainTests.java:49)&#13;
com.Tests.MainTests.checkTshirtElementPresence(MainTests.java:49)&#13;
com.Tests.MainTests.checkTshirtElementPresence(MainTests.java:49)&#13;
com.Tests.MainTests.checkTshirtElementPresence(MainTests.java:49)&#13;
com.Tests.MainTests.checkTshirtElementPresence(MainTests.java:49)&#13;
com.Tests.MainTests.checkTshirtElementPresence(MainTests.java:49)&#13;
com.Tests.MainTests.checkTshirtElementPresence(MainTests.java:49)&#13;
com.Tests.MainTests.checkTshirtElementPresence(MainTests.java:49)&#13;
com.Tests.MainTests.checkTshirtElementPresence(MainTests.java:49)&#13;
com.Tests.MainTests.checkTshirtElementPresence(MainTests.java:49)&#13;
com.Tests.MainTests.checkTshirtElementPresence(MainTests.java:49)&#13;
com.Tests.MainTests.checkTshirtElementPresence(MainTests.java:49)&#13;
com.Tests.MainTests.checkTshirtElementPresence(MainTests.java:49)&#13;
com.Tests.MainTests.checkTshirtElementPresence(MainTests.java:49)&#13;
com.Tests.MainTests.checkTshirtElementPresence(MainTests.java:49)&#13;
com.Tests.MainTests.checkTshirtElementPresence(MainTests.java:49)&#13;
com.Tests.MainTests.checkTshirtElementPresence(MainTests.java:49)&#13;
com.Tests.MainTests.checkTshirtElementPresence(MainTests.java:49)&#13;
com.Tests.MainTests.checkTshirtElementPresence(MainTests.java:49)&#13;
com.Tests.MainTests.checkTshirtElementPresence(MainTests.java:49)&#13;
com.Tests.MainTests.checkTshirtElementPresence(MainTests.java:49)&#13;
com.Tests.MainTests.checkTshirtElementPresence(MainTests.java:49)&#13;
com.Tests.MainTests.checkTshirtElementPresence(MainTests.java:49)&#13;
com.Tests.MainTests.checkTshirtElementPresence(MainTests.java:49)&#13;
com.Tests.MainTests.checkTshirtElementPresence(MainTests.java:49)&#13;
com.Tests.MainTests.checkTshirtElementPresence(MainTests.java:49)&#13;
com.Tests.MainTests.checkTshirtElementPresence(MainTests.java:49)&#13;
com.Tests.MainTests.checkTshirtElementPresence(MainTests.java:49)&#13;
com.Tests.MainTests.checkTshirtElementPresence(MainTests.java:49)&#13;
com.Tests.MainTests.checkTshirtElementPresence(MainTests.java:49)&#13;
com.Tests.MainTests.checkTshirtElementPresence(MainTests.java:49)&#13;
com.Tests.MainTests.checkTshirtElementPresence(MainTests.java:49)&#13;
com.Tests.MainTests.checkTshirtElementPresence(MainTests.java:49)&#13;
com.Tests.MainTests.checkTshirtElementPresence(MainTests.java:49)&#13;
com.Tests.MainTests.checkTshirtElementPresence(MainTests.java:49)&#13;
com.Tests.MainTests.checkTshirtElementPresence(MainTests.java:49)&#13;
com.Tests.MainTests.checkTshirtElementPresence(MainTests.java:49)&#13;
com.Tests.MainTests.checkTshirtElementPresence(MainTests.java:49)&#13;
com.Tests.MainTests.checkTshirtElementPresence(MainTests.java:49)&#13;
com.Tests.MainTests.checkTshirtElementPresence(MainTests.java:49)&#13;
com.Tests.MainTests.checkTshirtElementPresence(MainTests.java:49)&#13;
com.Tests.MainTests.checkTshirtElementPresence(MainTests.java:49)&#13;
com.Tests.MainTests.checkTshirtElementPresence(MainTests.java:49)&#13;
com.Tests.MainTests.checkTshirtElementPresence(MainTests.java:49)&#13;
com.Tests.MainTests.checkTshirtElementPresence(MainTests.java:49)&#13;
com.Tests.MainTests.checkTshirtElementPresence(MainTests.java:49)&#13;
com.Tests.MainTests.checkTshirtElementPresence(MainTests.java:49)&#13;
com.Tests.MainTests.checkTshirtElementPresence(MainTests.java:49)&#13;
com.Tests.MainTests.checkTshirtElementPresence(MainTests.java:49)&#13;
com.Tests.MainTests.checkTshirtElementPresence(MainTests.java:49)&#13;
com.Tests.MainTests.checkTshirtElementPresence(MainTests.java:49)&#13;
com.Tests.MainTests.checkTshirtElementPresence(MainTests.java:49)&#13;
com.Tests.MainTests.checkTshirtElementPresence(MainTests.java:49)&#13;
com.Tests.MainTests.checkTshirtElementPresence(MainTests.java:49)&#13;
com.Tests.MainTests.checkTshirtElementPresence(MainTests.java:49)&#13;
com.Tests.MainTests.checkTshirtElementPresence(MainTests.java:49)&#13;
com.Tests.MainTests.checkTshirtElementPresence(MainTests.java:49)&#13;
com.Tests.MainTests.checkTshirtElementPresence(MainTests.java:49)&#13;
com.Tests.MainTests.checkTshirtElementPresence(MainTests.java:49)&#13;
com.Tests.MainTests.checkTshirtElementPresence(MainTests.java:49)&#13;
com.Tests.MainTests.checkTshirtElementPresence(MainTests.java:49)&#13;
com.Tests.MainTests.checkTshirtElementPresence(MainTests.java:49)&#13;
com.Tests.MainTests.checkTshirtElementPresence(MainTests.java:49)&#13;
com.Tests.MainTests.checkTshirtElementPresence(MainTests.java:49)&#13;
com.Tests.MainTests.checkTshirtElementPresence(MainTests.java:49)&#13;
com.Tests.MainTests.checkTshirtElementPresence(MainTests.java:49)&#13;
com.Tests.MainTests.checkTshirtElementPresence(MainTests.java:49)&#13;
com.Tests.MainTests.checkTshirtElementPresence(MainTests.java:49)&#13;
com.Tests.MainTests.checkTshirtElementPresence(MainTests.java:49)&#13;
com.Tests.MainTests.checkTshirtElementPresence(MainTests.java:49)&#13;
com.Tests.MainTests.checkTshirtElementPresence(MainTests.java:49)&#13;
com.Tests.MainTests.checkTshirtElementPresence(MainTests.java:49)&#13;
com.Tests.MainTests.checkTshirtElementPresence(MainTests.java:49)&#13;
com.Tests.MainTests.checkTshirtElementPresence(MainTests.java:49)&#13;
com.Tests.MainTests.checkTshirtElementPresence(MainTests.java:49)&#13;
com.Tests.MainTests.checkTshirtElementPresence(MainTests.java:49)&#13;
com.Tests.MainTests.checkTshirtElementPresence(MainTests.java:49)&#13;
com.Tests.MainTests.checkTshirtElementPresence(MainTests.java:49)&#13;
com.Tests.MainTests.checkTshirtElementPresence(MainTests.java:49)&#13;
com.Tests.MainTests.checkTshirtElementPresence(MainTests.java:49)&#13;
com.Tests.MainTests.checkTshirtElementPresence(MainTests.java:49)&#13;
com.Tests.MainTests.checkTshirtElementPresence(MainTests.java:49)&#13;
com.Tests.MainTests.checkTshirtElementPresence(MainTests.java:49)&#13;
com.Tests.MainTests.checkTshirtElementPresence(MainTests.java:49)&#13;
com.Tests.MainTests.checkTshirtElementPresence(MainTests.java:49)&#13;
com.Tests.MainTests.checkTshirtElementPresence(MainTests.java:49)&#13;
com.Tests.MainTests.checkTshirtElementPresence(MainTests.java:49)&#13;
com.Tests.MainTests.checkTshirtElementPresence(MainTests.java:49)&#13;
com.Tests.MainTests.checkTshirtElementPresence(MainTests.java:49)&#13;
com.Tests.MainTests.checkTshirtElementPresence(MainTests.java:49)&#13;
com.Tests.MainTests.checkTshirtElementPresence(MainTests.java:49)&#13;
com.Tests.MainTests.checkTshirtElementPresence(MainTests.java:49)&#13;
com.Tests.MainTests.checkTshirtElementPresence(MainTests.java:49)&#13;
com.Tests.MainTests.checkTshirtElementPresence(MainTests.java:49)&#13;
com.Tests.MainTests.checkTshirtElementPresence(MainTests.java:49)&#13;
com.Tests.MainTests.checkTshirtElementPresence(MainTests.java:49)&#13;
com.Tests.MainTests.checkTshirtElementPresence(MainTests.java:49)&#13;
com.Tests.MainTests.checkTshirtElementPresence(MainTests.java:49)&#13;
com.Tests.MainTests.checkTshirtElementPresence(MainTests.java:49)&#13;
com.Tests.MainTests.checkTshirtElementPresence(MainTests.java:49)&#13;
com.Tests.MainTests.checkTshirtElementPresence(MainTests.java:49)&#13;
com.Tests.MainTests.checkTshirtElementPresence(MainTests.java:49)&#13;
com.Tests.MainTests.checkTshirtElementPresence(MainTests.java:49)&#13;
com.Tests.MainTests.checkTshirtElementPresence(MainTests.java:49)&#13;
com.Tests.MainTests.checkTshirtElementPresence(MainTests.java:49)&#13;
com.Tests.MainTests.checkTshirtElementPresence(MainTests.java:49)&#13;
com.Tests.MainTests.checkTshirtElementPresence(MainTests.java:49)&#13;
com.Tests.MainTests.checkTshirtElementPresence(MainTests.java:49)&#13;
com.Tests.MainTests.checkTshirtElementPresence(MainTests.java:49)&#13;
com.Tests.MainTests.checkTshirtElementPresence(MainTests.java:49)&#13;
com.Tests.MainTests.checkTshirtElementPresence(MainTests.java:49)&#13;
com.Tests.MainTests.checkTshirtElementPresence(MainTests.java:49)&#13;
com.Tests.MainTests.checkTshirtElementPresence(MainTests.java:49)&#13;
com.Tests.MainTests.checkTshirtElementPresence(MainTests.java:49)&#13;
com.Tests.MainTests.checkTshirtElementPresence(MainTests.java:49)&#13;
com.Tests.MainTests.checkTshirtElementPresence(MainTests.java:49)&#13;
com.Tests.MainTests.checkTshirtElementPresence(MainTests.java:49)&#13;
com.Tests.MainTests.checkTshirtElementPresence(MainTests.java:49)&#13;
com.Tests.MainTests.checkTshirtElementPresence(MainTests.java:49)&#13;
com.Tests.MainTests.checkTshirtElementPresence(MainTests.java:49)&#13;
com.Tests.MainTests.checkTshirtElementPresence(MainTests.java:49)&#13;
com.Tests.MainTests.checkTshirtElementPresence(MainTests.java:49)&#13;
com.Tests.MainTests.checkTshirtElementPresence(MainTests.java:49)&#13;
com.Tests.MainTests.checkTshirtElementPresence(MainTests.java:49)&#13;
com.Tests.MainTests.checkTshirtElementPresence(MainTests.java:49)&#13;
com.Tests.MainTests.checkTshirtElementPresence(MainTests.java:49)&#13;
com.Tests.MainTests.checkTshirtElementPresence(MainTests.java:49)&#13;
com.Tests.MainTests.checkTshirtElementPresence(MainTests.java:49)&#13;
com.Tests.MainTests.checkTshirtElementPresence(MainTests.java:49)&#13;
com.Tests.MainTests.checkTshirtElementPresence(MainTests.java:49)&#13;
com.Tests.MainTests.checkTshirtElementPresence(MainTests.java:49)&#13;
com.Tests.MainTests.checkTshirtElementPresence(MainTests.java:49)&#13;
com.Tests.MainTests.checkTshirtElementPresence(MainTests.java:49)&#13;
com.Tests.MainTests.checkTshirtElementPresence(MainTests.java:49)&#13;
com.Tests.MainTests.checkTshirtElementPresence(MainTests.java:49)&#13;
com.Tests.MainTests.checkTshirtElementPresence(MainTests.java:49)&#13;
com.Tests.MainTests.checkTshirtElementPresence(MainTests.java:49)&#13;
com.Tests.MainTests.checkTshirtElementPresence(MainTests.java:49)&#13;
com.Tests.MainTests.checkTshirtElementPresence(MainTests.java:49)&#13;
com.Tests.MainTests.checkTshirtElementPresence(MainTests.java:49)&#13;
com.Tests.MainTests.checkTshirtElementPresence(MainTests.java:49)&#13;
com.Tests.MainTests.checkTshirtElementPresence(MainTests.java:49)&#13;
com.Tests.MainTests.checkTshirtElementPresence(MainTests.java:49)&#13;
com.Tests.MainTests.checkTshirtElementPresence(MainTests.java:49)&#13;
com.Tests.MainTests.checkTshirtElementPresence(MainTests.java:49)&#13;
com.Tests.MainTests.checkTshirtElementPresence(MainTests.java:49)&#13;
com.Tests.MainTests.checkTshirtElementPresence(MainTests.java:49)&#13;
com.Tests.MainTests.checkTshirtElementPresence(MainTests.java:49)&#13;
com.Tests.MainTests.checkTshirtElementPresence(MainTests.java:49)&#13;
com.Tests.MainTests.checkTshirtElementPresence(MainTests.java:49)&#13;
com.Tests.MainTests.checkTshirtElementPresence(MainTests.java:49)&#13;
com.Tests.MainTests.checkTshirtElementPresence(MainTests.java:49)&#13;
com.Tests.MainTests.checkTshirtElementPresence(MainTests.java:49)&#13;
com.Tests.MainTests.checkTshirtElementPresence(MainTests.java:49)&#13;
com.Tests.MainTests.checkTshirtElementPresence(MainTests.java:49)&#13;
com.Tests.MainTests.checkTshirtElementPresence(MainTests.java:49)&#13;
com.Tests.MainTests.checkTshirtElementPresence(MainTests.java:49)&#13;
com.Tests.MainTests.checkTshirtElementPresence(MainTests.java:49)&#13;
com.Tests.MainTests.checkTshirtElementPresence(MainTests.java:49)&#13;
com.Tests.MainTests.checkTshirtElementPresence(MainTests.java:49)&#13;
com.Tests.MainTests.checkTshirtElementPresence(MainTests.java:49)&#13;
com.Tests.MainTests.checkTshirtElementPresence(MainTests.java:49)&#13;
com.Tests.MainTests.checkTshirtElementPresence(MainTests.java:49)&#13;
com.Tests.MainTests.checkTshirtElementPresence(MainTests.java:49)&#13;
com.Tests.MainTests.checkTshirtElementPresence(MainTests.java:49)&#13;
com.Tests.MainTests.checkTshirtElementPresence(MainTests.java:49)&#13;
com.Tests.MainTests.checkTshirtElementPresence(MainTests.java:49)&#13;
com.Tests.MainTests.checkTshirtElementPresence(MainTests.java:49)&#13;
com.Tests.MainTests.checkTshirtElementPresence(MainTests.java:49)&#13;
com.Tests.MainTests.checkTshirtElementPresence(MainTests.java:49)&#13;
com.Tests.MainTests.checkTshirtElementPresence(MainTests.java:49)&#13;
com.Tests.MainTests.checkTshirtElementPresence(MainTests.java:49)&#13;
com.Tests.MainTests.checkTshirtElementPresence(MainTests.java:49)&#13;
com.Tests.MainTests.checkTshirtElementPresence(MainTests.java:49)&#13;
com.Tests.MainTests.checkTshirtElementPresence(MainTests.java:49)&#13;
com.Tests.MainTests.checkTshirtElementPresence(MainTests.java:49)&#13;
com.Tests.MainTests.checkTshirtElementPresence(MainTests.java:49)&#13;
com.Tests.MainTests.checkTshirtElementPresence(MainTests.java:49)&#13;
com.Tests.MainTests.checkTshirtElementPresence(MainTests.java:49)&#13;
com.Tests.MainTests.checkTshirtElementPresence(MainTests.java:49)&#13;
com.Tests.MainTests.checkTshirtElementPresence(MainTests.java:49)&#13;
com.Tests.MainTests.checkTshirtElementPresence(MainTests.java:49)&#13;
com.Tests.MainTests.checkTshirtElementPresence(MainTests.java:49)&#13;
com.Tests.MainTests.checkTshirtElementPresence(MainTests.java:49)&#13;
com.Tests.MainTests.checkTshirtElementPresence(MainTests.java:49)&#13;
com.Tests.MainTests.checkTshirtElementPresence(MainTests.java:49)&#13;
com.Tests.MainTests.checkTshirtElementPresence(MainTests.java:49)&#13;
com.Tests.MainTests.checkTshirtElementPresence(MainTests.java:49)&#13;
com.Tests.MainTests.checkTshirtElementPresence(MainTests.java:49)&#13;
com.Tests.MainTests.checkTshirtElementPresence(MainTests.java:49)&#13;
com.Tests.MainTests.checkTshirtElementPresence(MainTests.java:49)&#13;
com.Tests.MainTests.checkTshirtElementPresence(MainTests.java:49)&#13;
com.Tests.MainTests.checkTshirtElementPresence(MainTests.java:49)&#13;
com.Tests.MainTests.checkTshirtElementPresence(MainTests.java:49)&#13;
com.Tests.MainTests.checkTshirtElementPresence(MainTests.java:49)&#13;
com.Tests.MainTests.checkTshirtElementPresence(MainTests.java:49)&#13;
com.Tests.MainTests.checkTshirtElementPresence(MainTests.java:49)&#13;
com.Tests.MainTests.checkTshirtElementPresence(MainTests.java:49)&#13;
com.Tests.MainTests.checkTshirtElementPresence(MainTests.java:49)&#13;
com.Tests.MainTests.checkTshirtElementPresence(MainTests.java:49)&#13;
com.Tests.MainTests.checkTshirtElementPresence(MainTests.java:49)&#13;
com.Tests.MainTests.checkTshirtElementPresence(MainTests.java:49)&#13;
com.Tests.MainTests.checkTshirtElementPresence(MainTests.java:49)&#13;
com.Tests.MainTests.checkTshirtElementPresence(MainTests.java:49)&#13;
com.Tests.MainTests.checkTshirtElementPresence(MainTests.java:49)&#13;
com.Tests.MainTests.checkTshirtElementPresence(MainTests.java:49)&#13;
com.Tests.MainTests.checkTshirtElementPresence(MainTests.java:49)&#13;
com.Tests.MainTests.checkTshirtElementPresence(MainTests.java:49)&#13;
com.Tests.MainTests.checkTshirtElementPresence(MainTests.java:49)&#13;
com.Tests.MainTests.checkTshirtElementPresence(MainTests.java:49)&#13;
com.Tests.MainTests.checkTshirtElementPresence(MainTests.java:49)&#13;
com.Tests.MainTests.checkTshirtElementPresence(MainTests.java:49)&#13;
com.Tests.MainTests.checkTshirtElementPresence(MainTests.java:49)&#13;
com.Tests.MainTests.checkTshirtElementPresence(MainTests.java:49)&#13;
com.Tests.MainTests.checkTshirtElementPresence(MainTests.java:49)&#13;
com.Tests.MainTests.checkTshirtElementPresence(MainTests.java:49)&#13;
com.Tests.MainTests.checkTshirtElementPresence(MainTests.java:49)&#13;
com.Tests.MainTests.checkTshirtElementPresence(MainTests.java:49)&#13;
com.Tests.MainTests.checkTshirtElementPresence(MainTests.java:49)&#13;
com.Tests.MainTests.checkTshirtElementPresence(MainTests.java:49)&#13;
com.Tests.MainTests.checkTshirtElementPresence(MainTests.java:49)&#13;
com.Tests.MainTests.checkTshirtElementPresence(MainTests.java:49)&#13;
com.Tests.MainTests.checkTshirtElementPresence(MainTests.java:49)&#13;
com.Tests.MainTests.checkTshirtElementPresence(MainTests.java:49)&#13;
com.Tests.MainTests.checkTshirtElementPresence(MainTests.java:49)&#13;
com.Tests.MainTests.checkTshirtElementPresence(MainTests.java:49)&#13;
com.Tests.MainTests.checkTshirtElementPresence(MainTests.java:49)&#13;
com.Tests.MainTests.checkTshirtElementPresence(MainTests.java:49)&#13;
com.Tests.MainTests.checkTshirtElementPresence(MainTests.java:49)&#13;
com.Tests.MainTests.checkTshirtElementPresence(MainTests.java:49)&#13;
com.Tests.MainTests.checkTshirtElementPresence(MainTests.java:49)&#13;
com.Tests.MainTests.checkTshirtElementPresence(MainTests.java:49)&#13;
com.Tests.MainTests.checkTshirtElementPresence(MainTests.java:49)&#13;
com.Tests.MainTests.checkTshirtElementPresence(MainTests.java:49)&#13;
com.Tests.MainTests.checkTshirtElementPresence(MainTests.java:49)&#13;
com.Tests.MainTests.checkTshirtElementPresence(MainTests.java:49)&#13;
com.Tests.MainTests.checkTshirtElementPresence(MainTests.java:49)&#13;
com.Tests.MainTests.checkTshirtElementPresence(MainTests.java:49)&#13;
com.Tests.MainTests.checkTshirtElementPresence(MainTests.java:49)&#13;
com.Tests.MainTests.checkTshirtElementPresence(MainTests.java:49)&#13;
com.Tests.MainTests.checkTshirtElementPresence(MainTests.java:49)&#13;
com.Tests.MainTests.checkTshirtElementPresence(MainTests.java:49)&#13;
com.Tests.MainTests.checkTshirtElementPresence(MainTests.java:49)&#13;
com.Tests.MainTests.checkTshirtElementPresence(MainTests.java:49)&#13;
com.Tests.MainTests.checkTshirtElementPresence(MainTests.java:49)&#13;
com.Tests.MainTests.checkTshirtElementPresence(MainTests.java:49)&#13;
com.Tests.MainTests.checkTshirtElementPresence(MainTests.java:49)&#13;
com.Tests.MainTests.checkTshirtElementPresence(MainTests.java:49)&#13;
com.Tests.MainTests.checkTshirtElementPresence(MainTests.java:49)&#13;
com.Tests.MainTests.checkTshirtElementPresence(MainTests.java:49)&#13;
com.Tests.MainTests.checkTshirtElementPresence(MainTests.java:49)&#13;
com.Tests.MainTests.checkTshirtElementPresence(MainTests.java:49)&#13;
com.Tests.MainTests.checkTshirtElementPresence(MainTests.java:49)&#13;
com.Tests.MainTests.checkTshirtElementPresence(MainTests.java:49)&#13;
com.Tests.MainTests.checkTshirtElementPresence(MainTests.java:49)&#13;
com.Tests.MainTests.checkTshirtElementPresence(MainTests.java:49)&#13;
com.Tests.MainTests.checkTshirtElementPresence(MainTests.java:49)&#13;
com.Tests.MainTests.checkTshirtElementPresence(MainTests.java:49)&#13;
com.Tests.MainTests.checkTshirtElementPresence(MainTests.java:49)&#13;
com.Tests.MainTests.checkTshirtElementPresence(MainTests.java:49)&#13;
com.Tests.MainTests.checkTshirtElementPresence(MainTests.java:49)&#13;
com.Tests.MainTests.checkTshirtElementPresence(MainTests.java:49)&#13;
com.Tests.MainTests.checkTshirtElementPresence(MainTests.java:49)&#13;
com.Tests.MainTests.checkTshirtElementPresence(MainTests.java:49)&#13;
com.Tests.MainTests.checkTshirtElementPresence(MainTests.java:49)&#13;
com.Tests.MainTests.checkTshirtElementPresence(MainTests.java:49)&#13;
com.Tests.MainTests.checkTshirtElementPresence(MainTests.java:49)&#13;
com.Tests.MainTests.checkTshirtElementPresence(MainTests.java:49)&#13;
com.Tests.MainTests.checkTshirtElementPresence(MainTests.java:49)&#13;
com.Tests.MainTests.checkTshirtElementPresence(MainTests.java:49)&#13;
com.Tests.MainTests.checkTshirtElementPresence(MainTests.java:49)&#13;
com.Tests.MainTests.checkTshirtElementPresence(MainTests.java:49)&#13;
com.Tests.MainTests.checkTshirtElementPresence(MainTests.java:49)&#13;
com.Tests.MainTests.checkTshirtElementPresence(MainTests.java:49)&#13;
com.Tests.MainTests.checkTshirtElementPresence(MainTests.java:49)&#13;
com.Tests.MainTests.checkTshirtElementPresence(MainTests.java:49)&#13;
com.Tests.MainTests.checkTshirtElementPresence(MainTests.java:49)&#13;
com.Tests.MainTests.checkTshirtElementPresence(MainTests.java:49)&#13;
com.Tests.MainTests.checkTshirtElementPresence(MainTests.java:49)&#13;
com.Tests.MainTests.checkTshirtElementPresence(MainTests.java:49)&#13;
com.Tests.MainTests.checkTshirtElementPresence(MainTests.java:49)&#13;
com.Tests.MainTests.checkTshirtElementPresence(MainTests.java:49)&#13;
com.Tests.MainTests.checkTshirtElementPresence(MainTests.java:49)&#13;
com.Tests.MainTests.checkTshirtElementPresence(MainTests.java:49)&#13;
com.Tests.MainTests.checkTshirtElementPresence(MainTests.java:49)&#13;
com.Tests.MainTests.checkTshirtElementPresence(MainTests.java:49)&#13;
com.Tests.MainTests.checkTshirtElementPresence(MainTests.java:49)&#13;
com.Tests.MainTests.checkTshirtElementPresence(MainTests.java:49)&#13;
com.Tests.MainTests.checkTshirtElementPresence(MainTests.java:49)&#13;
com.Tests.MainTests.checkTshirtElementPresence(MainTests.java:49)&#13;
com.Tests.MainTests.checkTshirtElementPresence(MainTests.java:49)&#13;
com.Tests.MainTests.checkTshirtElementPresence(MainTests.java:49)&#13;
com.Tests.MainTests.checkTshirtElementPresence(MainTests.java:49)&#13;
com.Tests.MainTests.checkTshirtElementPresence(MainTests.java:49)&#13;
com.Tests.MainTests.checkTshirtElementPresence(MainTests.java:49)&#13;
com.Tests.MainTests.checkTshirtElementPresence(MainTests.java:49)&#13;
com.Tests.MainTests.checkTshirtElementPresence(MainTests.java:49)&#13;
com.Tests.MainTests.checkTshirtElementPresence(MainTests.java:49)&#13;
com.Tests.MainTests.checkTshirtElementPresence(MainTests.java:49)&#13;
com.Tests.MainTests.checkTshirtElementPresence(MainTests.java:49)&#13;
com.Tests.MainTests.checkTshirtElementPresence(MainTests.java:49)&#13;
com.Tests.MainTests.checkTshirtElementPresence(MainTests.java:49)&#13;
com.Tests.MainTests.checkTshirtElementPresence(MainTests.java:49)&#13;
com.Tests.MainTests.checkTshirtElementPresence(MainTests.java:49)&#13;
com.Tests.MainTests.checkTshirtElementPresence(MainTests.java:49)&#13;
com.Tests.MainTests.checkTshirtElementPresence(MainTests.java:49)&#13;
com.Tests.MainTests.checkTshirtElementPresence(MainTests.java:49)&#13;
com.Tests.MainTests.checkTshirtElementPresence(MainTests.java:49)&#13;
com.Tests.MainTests.checkTshirtElementPresence(MainTests.java:49)&#13;
com.Tests.MainTests.checkTshirtElementPresence(MainTests.java:49)&#13;
com.Tests.MainTests.checkTshirtElementPresence(MainTests.java:49)&#13;
com.Tests.MainTests.checkTshirtElementPresence(MainTests.java:49)&#13;
com.Tests.MainTests.checkTshirtElementPresence(MainTests.java:49)&#13;
com.Tests.MainTests.checkTshirtElementPresence(MainTests.java:49)&#13;
com.Tests.MainTests.checkTshirtElementPresence(MainTests.java:49)&#13;
com.Tests.MainTests.checkTshirtElementPresence(MainTests.java:49)&#13;
com.Tests.MainTests.checkTshirtElementPresence(MainTests.java:49)&#13;
com.Tests.MainTests.checkTshirtElementPresence(MainTests.java:49)&#13;
com.Tests.MainTests.checkTshirtElementPresence(MainTests.java:49)&#13;
com.Tests.MainTests.checkTshirtElementPresence(MainTests.java:49)&#13;
com.Tests.MainTests.checkTshirtElementPresence(MainTests.java:49)&#13;
com.Tests.MainTests.checkTshirtElementPresence(MainTests.java:49)&#13;
com.Tests.MainTests.checkTshirtElementPresence(MainTests.java:49)&#13;
com.Tests.MainTests.checkTshirtElementPresence(MainTests.java:49)&#13;
com.Tests.MainTests.checkTshirtElementPresence(MainTests.java:49)&#13;
com.Tests.MainTests.checkTshirtElementPresence(MainTests.java:49)&#13;
com.Tests.MainTests.checkTshirtElementPresence(MainTests.java:49)&#13;
com.Tests.MainTests.checkTshirtElementPresence(MainTests.java:49)&#13;
com.Tests.MainTests.checkTshirtElementPresence(MainTests.java:49)&#13;
com.Tests.MainTests.checkTshirtElementPresence(MainTests.java:49)&#13;
com.Tests.MainTests.checkTshirtElementPresence(MainTests.java:49)&#13;
com.Tests.MainTests.checkTshirtElementPresence(MainTests.java:49)&#13;
com.Tests.MainTests.checkTshirtElementPresence(MainTests.java:49)&#13;
com.Tests.MainTests.checkTshirtElementPresence(MainTests.java:49)&#13;
com.Tests.MainTests.checkTshirtElementPresence(MainTests.java:49)&#13;
com.Tests.MainTests.checkTshirtElementPresence(MainTests.java:49)&#13;
com.Tests.MainTests.checkTshirtElementPresence(MainTests.java:49)&#13;
com.Tests.MainTests.checkTshirtElementPresence(MainTests.java:49)&#13;
com.Tests.MainTests.checkTshirtElementPresence(MainTests.java:49)&#13;
com.Tests.MainTests.checkTshirtElementPresence(MainTests.java:49)&#13;
com.Tests.MainTests.checkTshirtElementPresence(MainTests.java:49)&#13;
com.Tests.MainTests.checkTshirtElementPresence(MainTests.java:49)&#13;
com.Tests.MainTests.checkTshirtElementPresence(MainTests.java:49)&#13;
com.Tests.MainTests.checkTshirtElementPresence(MainTests.java:49)&#13;
com.Tests.MainTests.checkTshirtElementPresence(MainTests.java:49)&#13;
com.Tests.MainTests.checkTshirtElementPresence(MainTests.java:49)&#13;
com.Tests.MainTests.checkTshirtElementPresence(MainTests.java:49)&#13;
com.Tests.MainTests.checkTshirtElementPresence(MainTests.java:49)&#13;
com.Tests.MainTests.checkTshirtElementPresence(MainTests.java:49)&#13;
com.Tests.MainTests.checkTshirtElementPresence(MainTests.java:49)&#13;
com.Tests.MainTests.checkTshirtElementPresence(MainTests.java:49)&#13;
com.Tests.MainTests.checkTshirtElementPresence(MainTests.java:49)&#13;
com.Tests.MainTests.checkTshirtElementPresence(MainTests.java:49)&#13;
com.Tests.MainTests.checkTshirtElementPresence(MainTests.java:49)&#13;
com.Tests.MainTests.checkTshirtElementPresence(MainTests.java:49)&#13;
com.Tests.MainTests.checkTshirtElementPresence(MainTests.java:49)&#13;
com.Tests.MainTests.checkTshirtElementPresence(MainTests.java:49)&#13;
com.Tests.MainTests.checkTshirtElementPresence(MainTests.java:49)&#13;
com.Tests.MainTests.checkTshirtElementPresence(MainTests.java:49)&#13;
com.Tests.MainTests.checkTshirtElementPresence(MainTests.java:49)&#13;
com.Tests.MainTests.checkTshirtElementPresence(MainTests.java:49)&#13;
com.Tests.MainTests.checkTshirtElementPresence(MainTests.java:49)&#13;
com.Tests.MainTests.checkTshirtElementPresence(MainTests.java:49)&#13;
com.Tests.MainTests.checkTshirtElementPresence(MainTests.java:49)&#13;
com.Tests.MainTests.checkTshirtElementPresence(MainTests.java:49)&#13;
com.Tests.MainTests.checkTshirtElementPresence(MainTests.java:49)&#13;
com.Tests.MainTests.checkTshirtElementPresence(MainTests.java:49)&#13;
com.Tests.MainTests.checkTshirtElementPresence(MainTests.java:49)&#13;
com.Tests.MainTests.checkTshirtElementPresence(MainTests.java:49)&#13;
com.Tests.MainTests.checkTshirtElementPresence(MainTests.java:49)&#13;
com.Tests.MainTests.checkTshirtElementPresence(MainTests.java:49)&#13;
com.Tests.MainTests.checkTshirtElementPresence(MainTests.java:49)&#13;
com.Tests.MainTests.checkTshirtElementPresence(MainTests.java:49)&#13;
com.Tests.MainTests.checkTshirtElementPresence(MainTests.java:49)&#13;
com.Tests.MainTests.checkTshirtElementPresence(MainTests.java:49)&#13;
com.Tests.MainTests.checkTshirtElementPresence(MainTests.java:49)&#13;
com.Tests.MainTests.checkTshirtElementPresence(MainTests.java:49)&#13;
com.Tests.MainTests.checkTshirtElementPresence(MainTests.java:49)&#13;
com.Tests.MainTests.checkTshirtElementPresence(MainTests.java:49)&#13;
com.Tests.MainTests.checkTshirtElementPresence(MainTests.java:49)&#13;
com.Tests.MainTests.checkTshirtElementPresence(MainTests.java:49)&#13;
com.Tests.MainTests.checkTshirtElementPresence(MainTests.java:49)&#13;
com.Tests.MainTests.checkTshirtElementPresence(MainTests.java:49)&#13;
com.Tests.MainTests.checkTshirtElementPresence(MainTests.java:49)&#13;
com.Tests.MainTests.checkTshirtElementPresence(MainTests.java:49)&#13;
com.Tests.MainTests.checkTshirtElementPresence(MainTests.java:49)&#13;
com.Tests.MainTests.checkTshirtElementPresence(MainTests.java:49)&#13;
com.Tests.MainTests.checkTshirtElementPresence(MainTests.java:49)&#13;
com.Tests.MainTests.checkTshirtElementPresence(MainTests.java:49)&#13;
com.Tests.MainTests.checkTshirtElementPresence(MainTests.java:49)&#13;
com.Tests.MainTests.checkTshirtElementPresence(MainTests.java:49)&#13;
com.Tests.MainTests.checkTshirtElementPresence(MainTests.java:49)&#13;
com.Tests.MainTests.checkTshirtElementPresence(MainTests.java:49)&#13;
com.Tests.MainTests.checkTshirtElementPresence(MainTests.java:49)&#13;
com.Tests.MainTests.checkTshirtElementPresence(MainTests.java:49)&#13;
com.Tests.MainTests.checkTshirtElementPresence(MainTests.java:49)&#13;
com.Tests.MainTests.checkTshirtElementPresence(MainTests.java:49)&#13;
com.Tests.MainTests.checkTshirtElementPresence(MainTests.java:49)&#13;
com.Tests.MainTests.checkTshirtElementPresence(MainTests.java:49)&#13;
com.Tests.MainTests.checkTshirtElementPresence(MainTests.java:49)&#13;
com.Tests.MainTests.checkTshirtElementPresence(MainTests.java:49)&#13;
com.Tests.MainTests.checkTshirtElementPresence(MainTests.java:49)&#13;
com.Tests.MainTests.checkTshirtElementPresence(MainTests.java:49)&#13;
com.Tests.MainTests.checkTshirtElementPresence(MainTests.java:49)&#13;
com.Tests.MainTests.checkTshirtElementPresence(MainTests.java:49)&#13;
com.Tests.MainTests.checkTshirtElementPresence(MainTests.java:49)&#13;
com.Tests.MainTests.checkTshirtElementPresence(MainTests.java:49)&#13;
com.Tests.MainTests.checkTshirtElementPresence(MainTests.java:49)&#13;
com.Tests.MainTests.checkTshirtElementPresence(MainTests.java:49)&#13;
com.Tests.MainTests.checkTshirtElementPresence(MainTests.java:49)&#13;
com.Tests.MainTests.checkTshirtElementPresence(MainTests.java:49)&#13;
com.Tests.MainTests.checkTshirtElementPresence(MainTests.java:49)&#13;
com.Tests.MainTests.checkTshirtElementPresence(MainTests.java:49)&#13;
com.Tests.MainTests.checkTshirtElementPresence(MainTests.java:49)&#13;
com.Tests.MainTests.checkTshirtElementPresence(MainTests.java:49)&#13;
com.Tests.MainTests.checkTshirtElementPresence(MainTests.java:49)&#13;
com.Tests.MainTests.checkTshirtElementPresence(MainTests.java:49)&#13;
com.Tests.MainTests.checkTshirtElementPresence(MainTests.java:49)&#13;
com.Tests.MainTests.checkTshirtElementPresence(MainTests.java:49)&#13;
com.Tests.MainTests.checkTshirtElementPresence(MainTests.java:49)&#13;
com.Tests.MainTests.checkTshirtElementPresence(MainTests.java:49)&#13;
com.Tests.MainTests.checkTshirtElementPresence(MainTests.java:49)&#13;
com.Tests.MainTests.checkTshirtElementPresence(MainTests.java:49)&#13;
com.Tests.MainTests.checkTshirtElementPresence(MainTests.java:49)&#13;
com.Tests.MainTests.checkTshirtElementPresence(MainTests.java:49)&#13;
com.Tests.MainTests.checkTshirtElementPresence(MainTests.java:49)&#13;
com.Tests.MainTests.checkTshirtElementPresence(MainTests.java:49)&#13;
com.Tests.MainTests.checkTshirtElementPresence(MainTests.java:49)&#13;
com.Tests.MainTests.checkTshirtElementPresence(MainTests.java:49)&#13;
com.Tests.MainTests.checkTshirtElementPresence(MainTests.java:49)&#13;
com.Tests.MainTests.checkTshirtElementPresence(MainTests.java:49)&#13;
com.Tests.MainTests.checkTshirtElementPresence(MainTests.java:49)&#13;
com.Tests.MainTests.checkTshirtElementPresence(MainTests.java:49)&#13;
com.Tests.MainTests.checkTshirtElementPresence(MainTests.java:49)&#13;
com.Tests.MainTests.checkTshirtElementPresence(MainTests.java:49)&#13;
com.Tests.MainTests.checkTshirtElementPresence(MainTests.java:49)&#13;
com.Tests.MainTests.checkTshirtElementPresence(MainTests.java:49)&#13;
com.Tests.MainTests.checkTshirtElementPresence(MainTests.java:49)&#13;
com.Tests.MainTests.checkTshirtElementPresence(MainTests.java:49)&#13;
com.Tests.MainTests.checkTshirtElementPresence(MainTests.java:49)&#13;
com.Tests.MainTests.checkTshirtElementPresence(MainTests.java:49)&#13;
com.Tests.MainTests.checkTshirtElementPresence(MainTests.java:49)&#13;
com.Tests.MainTests.checkTshirtElementPresence(MainTests.java:49)&#13;
com.Tests.MainTests.checkTshirtElementPresence(MainTests.java:49)&#13;
com.Tests.MainTests.checkTshirtElementPresence(MainTests.java:49)&#13;
com.Tests.MainTests.checkTshirtElementPresence(MainTests.java:49)&#13;
com.Tests.MainTests.checkTshirtElementPresence(MainTests.java:49)&#13;
com.Tests.MainTests.checkTshirtElementPresence(MainTests.java:49)&#13;
com.Tests.MainTests.checkTshirtElementPresence(MainTests.java:49)&#13;
com.Tests.MainTests.checkTshirtElementPresence(MainTests.java:49)&#13;
com.Tests.MainTests.checkTshirtElementPresence(MainTests.java:49)&#13;
com.Tests.MainTests.checkTshirtElementPresence(MainTests.java:49)&#13;
com.Tests.MainTests.checkTshirtElementPresence(MainTests.java:49)&#13;
com.Tests.MainTests.checkTshirtElementPresence(MainTests.java:49)&#13;
com.Tests.MainTests.checkTshirtElementPresence(MainTests.java:49)&#13;
com.Tests.MainTests.checkTshirtElementPresence(MainTests.java:49)&#13;
com.Tests.MainTests.checkTshirtElementPresence(MainTests.java:49)&#13;
com.Tests.MainTests.checkTshirtElementPresence(MainTests.java:49)&#13;
com.Tests.MainTests.checkTshirtElementPresence(MainTests.java:49)&#13;
com.Tests.MainTests.checkTshirtElementPresence(MainTests.java:49)&#13;
com.Tests.MainTests.checkTshirtElementPresence(MainTests.java:49)&#13;
com.Tests.MainTests.checkTshirtElementPresence(MainTests.java:49)&#13;
com.Tests.MainTests.checkTshirtElementPresence(MainTests.java:49)&#13;
com.Tests.MainTests.checkTshirtElementPresence(MainTests.java:49)&#13;
com.Tests.MainTests.checkTshirtElementPresence(MainTests.java:49)&#13;
com.Tests.MainTests.checkTshirtElementPresence(MainTests.java:49)&#13;
com.Tests.MainTests.checkTshirtElementPresence(MainTests.java:49)&#13;
com.Tests.MainTests.checkTshirtElementPresence(MainTests.java:49)&#13;
com.Tests.MainTests.checkTshirtElementPresence(MainTests.java:49)&#13;
com.Tests.MainTests.checkTshirtElementPresence(MainTests.java:49)&#13;
com.Tests.MainTests.checkTshirtElementPresence(MainTests.java:49)&#13;
com.Tests.MainTests.checkTshirtElementPresence(MainTests.java:49)&#13;
com.Tests.MainTests.checkTshirtElementPresence(MainTests.java:49)&#13;
com.Tests.MainTests.checkTshirtElementPresence(MainTests.java:49)&#13;
com.Tests.MainTests.checkTshirtElementPresence(MainTests.java:49)&#13;
com.Tests.MainTests.checkTshirtElementPresence(MainTests.java:49)&#13;
com.Tests.MainTests.checkTshirtElementPresence(MainTests.java:49)&#13;
com.Tests.MainTests.checkTshirtElementPresence(MainTests.java:49)&#13;
com.Tests.MainTests.checkTshirtElementPresence(MainTests.java:49)&#13;
com.Tests.MainTests.checkTshirtElementPresence(MainTests.java:49)&#13;
com.Tests.MainTests.checkTshirtElementPresence(MainTests.java:49)&#13;
com.Tests.MainTests.checkTshirtElementPresence(MainTests.java:49)&#13;
com.Tests.MainTests.checkTshirtElementPresence(MainTests.java:49)&#13;
com.Tests.MainTests.checkTshirtElementPresence(MainTests.java:49)&#13;
com.Tests.MainTests.checkTshirtElementPresence(MainTests.java:49)&#13;
com.Tests.MainTests.checkTshirtElementPresence(MainTests.java:49)&#13;
com.Tests.MainTests.checkTshirtElementPresence(MainTests.java:49)&#13;
com.Tests.MainTests.checkTshirtElementPresence(MainTests.java:49)&#13;
com.Tests.MainTests.checkTshirtElementPresence(MainTests.java:49)&#13;
com.Tests.MainTests.checkTshirtElementPresence(MainTests.java:49)&#13;
com.Tests.MainTests.checkTshirtElementPresence(MainTests.java:49)&#13;
com.Tests.MainTests.checkTshirtElementPresence(MainTests.java:49)&#13;
com.Tests.MainTests.checkTshirtElementPresence(MainTests.java:49)&#13;
com.Tests.MainTests.checkTshirtElementPresence(MainTests.java:49)&#13;
com.Tests.MainTests.checkTshirtElementPresence(MainTests.java:49)&#13;
com.Tests.MainTests.checkTshirtElementPresence(MainTests.java:49)&#13;
com.Tests.MainTests.checkTshirtElementPresence(MainTests.java:49)&#13;
com.Tests.MainTests.checkTshirtElementPresence(MainTests.java:49)&#13;
com.Tests.MainTests.checkTshirtElementPresence(MainTests.java:49)&#13;
com.Tests.MainTests.checkTshirtElementPresence(MainTests.java:49)&#13;
com.Tests.MainTests.checkTshirtElementPresence(MainTests.java:49)&#13;
com.Tests.MainTests.checkTshirtElementPresence(MainTests.java:49)&#13;
com.Tests.MainTests.checkTshirtElementPresence(MainTests.java:49)&#13;
com.Tests.MainTests.checkTshirtElementPresence(MainTests.java:49)&#13;
com.Tests.MainTests.checkTshirtElementPresence(MainTests.java:49)&#13;
com.Tests.MainTests.checkTshirtElementPresence(MainTests.java:49)&#13;
com.Tests.MainTests.checkTshirtElementPresence(MainTests.java:49)&#13;
com.Tests.MainTests.checkTshirtElementPresence(MainTests.java:49)&#13;
com.Tests.MainTests.checkTshirtElementPresence(MainTests.java:49)&#13;
com.Tests.MainTests.checkTshirtElementPresence(MainTests.java:49)&#13;
com.Tests.MainTests.checkTshirtElementPresence(MainTests.java:49)&#13;
com.Tests.MainTests.checkTshirtElementPresence(MainTests.java:49)&#13;
com.Tests.MainTests.checkTshirtElementPresence(MainTests.java:49)&#13;
com.Tests.MainTests.checkTshirtElementPresence(MainTests.java:49)&#13;
com.Tests.MainTests.checkTshirtElementPresence(MainTests.java:49)&#13;
com.Tests.MainTests.checkTshirtElementPresence(MainTests.java:49)&#13;
com.Tests.MainTests.checkTshirtElementPresence(MainTests.java:49)&#13;
com.Tests.MainTests.checkTshirtElementPresence(MainTests.java:49)&#13;
com.Tests.MainTests.checkTshirtElementPresence(MainTests.java:49)&#13;
com.Tests.MainTests.checkTshirtElementPresence(MainTests.java:49)&#13;
com.Tests.MainTests.checkTshirtElementPresence(MainTests.java:49)&#13;
com.Tests.MainTests.checkTshirtElementPresence(MainTests.java:49)&#13;
com.Tests.MainTests.checkTshirtElementPresence(MainTests.java:49)&#13;
com.Tests.MainTests.checkTshirtElementPresence(MainTests.java:49)&#13;
com.Tests.MainTests.checkTshirtElementPresence(MainTests.java:49)&#13;
com.Tests.MainTests.checkTshirtElementPresence(MainTests.java:49)&#13;
com.Tests.MainTests.checkTshirtElementPresence(MainTests.java:49)&#13;
com.Tests.MainTests.checkTshirtElementPresence(MainTests.java:49)&#13;
com.Tests.MainTests.checkTshirtElementPresence(MainTests.java:49)&#13;
com.Tests.MainTests.checkTshirtElementPresence(MainTests.java:49)&#13;
</system-err></testcase></testsuite>