<?xml version="1.0" encoding="UTF-8"?><testsuite errors="1" failures="0" name="com.Tests.AuthenticationTests" skipped="0" tests="3" time="39.85" timestamp="2017-03-72 03:42:31"><testcase classname="com.Tests.AuthenticationTests" name="Create account with invalid email and verify thrown error"/><testcase classname="com.Tests.AuthenticationTests" name="Create account with valid email and verify landing page"/><testcase classname="com.Tests.AuthenticationTests" name="Log in and verify account"><error message="Timed out after 2 seconds. Element not found&#10;For documentation on this error, please visit: http://seleniumhq.org/exceptions/no_such_element.html&#10;Build info: version: '2.53.1', revision: 'a36b8b1cd5757287168e54b817830adce9b0158d', time: '2016-06-30 19:26:09'&#10;System info: host: 'IXDELL6NHXRC2', ip: '10.10.70.201', os.name: 'Windows 10', os.arch: 'amd64', os.version: '10.0', java.version: '1.8.0_111'&#10;Driver info: driver.version: unknown" type="org.openqa.selenium.NoSuchElementException">Timed out after 2 seconds. Element not found
For documentation on this error, please visit: http://seleniumhq.org/exceptions/no_such_element.html
Build info: version: '2.53.1', revision: 'a36b8b1cd5757287168e54b817830adce9b0158d', time: '2016-06-30 19:26:09'
System info: host: 'IXDELL6NHXRC2', ip: '10.10.70.201', os.name: 'Windows 10', os.arch: 'amd64', os.version: '10.0', java.version: '1.8.0_111'
Driver info: driver.version: unknown</error><system-err>Timed out after 2 seconds. Element not found
For documentation on this error, please visit: http://seleniumhq.org/exceptions/no_such_element.html
Build info: version: '2.53.1', revision: 'a36b8b1cd5757287168e54b817830adce9b0158d', time: '2016-06-30 19:26:09'
System info: host: 'IXDELL6NHXRC2', ip: '10.10.70.201', os.name: 'Windows 10', os.arch: 'amd64', os.version: '10.0', java.version: '1.8.0_111'
Driver info: driver.version: unknown&#13;
com.pages.AuthenticationPage.logInAndVerifyAccount(AuthenticationPage.java:51)&#13;
com.Steps.AuthenticationSteps.logInAndVerifyAccount(AuthenticationSteps.java:30)&#13;
com.Tests.AuthenticationTests.logInAndVerifyAccount(AuthenticationTests.java:44)&#13;
</system-err></testcase></testsuite>