<?xml version="1.0" encoding="UTF-8"?><testsuite errors="0" failures="0" name="com.tests.ShoppingCartTests" skipped="0" tests="5" time="174.41" timestamp="2017-03-90 02:35:08"><testcase classname="com.tests.ShoppingCartTests" name="Add product to cart and check if present in shopping summary"/><testcase classname="com.tests.ShoppingCartTests" name="Check shipping page details are correct"/><testcase classname="com.tests.ShoppingCartTests" name="Buy a product complete test flow"/><testcase classname="com.tests.ShoppingCartTests" name="Check payment details are correct"/><testcase classname="com.tests.ShoppingCartTests" name="Check address page details are correct"/></testsuite>