<?xml version="1.0" encoding="UTF-8"?><testsuite errors="0" failures="0" name="com.tests.AuthenticationTests" skipped="0" tests="4" time="61.34" timestamp="2017-03-90 02:25:17"><testcase classname="com.tests.AuthenticationTests" name="Create account with invalid email and verify thrown error"/><testcase classname="com.tests.AuthenticationTests" name="Check error message at failed authentication"/><testcase classname="com.tests.AuthenticationTests" name="Create account with valid email and verify landing page"/><testcase classname="com.tests.AuthenticationTests" name="Log in and verify account"/></testsuite>