<?xml version="1.0" encoding="UTF-8"?><testsuite errors="1" failures="0" name="com.Tests.QuickViewTests" skipped="0" tests="1" time="17.09" timestamp="2017-03-87 02:02:40"><testcase classname="com.Tests.QuickViewTests" name="Share product on social network and chek launced pop up"><error message="Unable to locate element: {&quot;method&quot;:&quot;xpath&quot;,&quot;selector&quot;:&quot;//ul[contains(@class, 'product_list')]/li//img[0]&quot;}&#10;Command duration or timeout: 4.54 seconds&#10;For documentation on this error, please visit: http://seleniumhq.org/exceptions/no_such_element.html&#10;Build info: version: '2.53.1', revision: 'a36b8b1cd5757287168e54b817830adce9b0158d', time: '2016-06-30 19:26:09'&#10;System info: host: 'IXDELL6NHXRC2', ip: '10.10.70.201', os.name: 'Windows 10', os.arch: 'amd64', os.version: '10.0', java.version: '1.8.0_111'&#10;Driver info: org.openqa.selenium.firefox.FirefoxDriver&#10;Capabilities [{applicationCacheEnabled=true, rotatable=false, handlesAlerts=true, databaseEnabled=true, version=43.0.1, platform=WINDOWS, nativeEvents=false, acceptSslCerts=true, webStorageEnabled=true, locationContextEnabled=true, browserName=firefox, takesScreenshot=true, javascriptEnabled=true, cssSelectorsEnabled=true}]&#10;Session ID: 5f9597ad-9122-4546-89c6-71119238cc37&#10;*** Element info: {Using=xpath, value=//ul[contains(@class, 'product_list')]/li//img[0]}" type="org.openqa.selenium.NoSuchElementException">Unable to locate element: {"method":"xpath","selector":"//ul[contains(@class, 'product_list')]/li//img[0]"}
Command duration or timeout: 4.54 seconds
For documentation on this error, please visit: http://seleniumhq.org/exceptions/no_such_element.html
Build info: version: '2.53.1', revision: 'a36b8b1cd5757287168e54b817830adce9b0158d', time: '2016-06-30 19:26:09'
System info: host: 'IXDELL6NHXRC2', ip: '10.10.70.201', os.name: 'Windows 10', os.arch: 'amd64', os.version: '10.0', java.version: '1.8.0_111'
Driver info: org.openqa.selenium.firefox.FirefoxDriver
Capabilities [{applicationCacheEnabled=true, rotatable=false, handlesAlerts=true, databaseEnabled=true, version=43.0.1, platform=WINDOWS, nativeEvents=false, acceptSslCerts=true, webStorageEnabled=true, locationContextEnabled=true, browserName=firefox, takesScreenshot=true, javascriptEnabled=true, cssSelectorsEnabled=true}]
Session ID: 5f9597ad-9122-4546-89c6-71119238cc37
*** Element info: {Using=xpath, value=//ul[contains(@class, 'product_list')]/li//img[0]}</error><system-err>Unable to locate element: {"method":"xpath","selector":"//ul[contains(@class, 'product_list')]/li//img[0]"}
Command duration or timeout: 4.54 seconds
For documentation on this error, please visit: http://seleniumhq.org/exceptions/no_such_element.html
Build info: version: '2.53.1', revision: 'a36b8b1cd5757287168e54b817830adce9b0158d', time: '2016-06-30 19:26:09'
System info: host: 'IXDELL6NHXRC2', ip: '10.10.70.201', os.name: 'Windows 10', os.arch: 'amd64', os.version: '10.0', java.version: '1.8.0_111'
Driver info: org.openqa.selenium.firefox.FirefoxDriver
Capabilities [{applicationCacheEnabled=true, rotatable=false, handlesAlerts=true, databaseEnabled=true, version=43.0.1, platform=WINDOWS, nativeEvents=false, acceptSslCerts=true, webStorageEnabled=true, locationContextEnabled=true, browserName=firefox, takesScreenshot=true, javascriptEnabled=true, cssSelectorsEnabled=true}]
Session ID: 5f9597ad-9122-4546-89c6-71119238cc37
*** Element info: {Using=xpath, value=//ul[contains(@class, 'product_list')]/li//img[0]}&#13;
com.pages.CatalogPage.quickViewProduct(CatalogPage.java:234)&#13;
com.Steps.QuickViewSteps.shareProductOnSocialNetworkAndCheckLaunchedPopUp(QuickViewSteps.java:23)&#13;
com.Tests.QuickViewTests.shareProductOnSocialNetworkAndChekLauncedPopUp(QuickViewTests.java:30)&#13;
</system-err></testcase></testsuite>