<?xml version="1.0" encoding="UTF-8"?><testsuite errors="0" failures="1" name="com.tests.QuickViewTests" skipped="0" tests="1" time="22.48" timestamp="2017-03-89 11:22:49"><testcase classname="com.tests.QuickViewTests" name="Increase product quantity and check quantity field input"><failure message="the quantity is not updated correctly" type="java.lang.AssertionError">the quantity is not updated correctly</failure><system-err>the quantity is not updated correctly&#13;
com.pages.QuickViewPage.increaseProductQuantityAndCheckQuantityFieldInput(QuickViewPage.java:70)&#13;
com.steps.QuickViewSteps.increaseProductQuantity(QuickViewSteps.java:33)&#13;
com.tests.QuickViewTests.increaseProductQuantityAndCheckQuantityFieldInput(QuickViewTests.java:68)&#13;
</system-err></testcase></testsuite>