<?xml version="1.0" encoding="UTF-8"?><testsuite errors="0" failures="1" name="com.tests.QuickViewTests" skipped="0" tests="1" time="20.78" timestamp="2017-03-88 04:19:21"><testcase classname="com.tests.QuickViewTests" name="Share product on social network and chek launced pop up"><failure message="expected url is incorrect compared to your input" type="java.lang.AssertionError">expected url is incorrect compared to your input</failure><system-err>expected url is incorrect compared to your input&#13;
com.pages.QuickViewPage.shareProductOnSocialNetworkAndCheckLaunchedPopUp(QuickViewPage.java:44)&#13;
com.steps.QuickViewSteps.shareProductOnSocialNetworkAndCheckLaunchedPopUp(QuickViewSteps.java:18)&#13;
com.tests.QuickViewTests.shareProductOnSocialNetworkAndChekLauncedPopUp(QuickViewTests.java:40)&#13;
</system-err></testcase></testsuite>